---------------------------------------------------------------
[ 2018-04-13T09:32:24+08:00 ] 119.130.71.239 GET /index.php/index/index
[ info ] oa.chinaiart.com/index.php/index/index [运行时间：0.004453s][吞吐率：224.56req/s] [内存消耗：252.14kb] [文件加载：48]
[ info ] [ LANG ] /var/www/chinaiart_oa/thinkphp/lang/zh-cn.php
[ info ] [ BIND ] 'admin'
[ info ] [ ROUTE ] array (
  'type' => 'module',
  'module' => 
  array (
    0 => 'admin',
    1 => 'index',
    2 => 'index',
  ),
)
[ info ] [ HEADER ] array (
  'host' => 'oa.chinaiart.com',
  'connection' => 'keep-alive',
  'user-agent' => 'Mozilla/5.0 (X11; Linux x86_64) AppleWebKit/537.36 (KHTML, like Gecko) Chrome/63.0.3239.132 Safari/537.36',
  'upgrade-insecure-requests' => '1',
  'accept' => 'text/html,application/xhtml+xml,application/xml;q=0.9,image/webp,image/apng,*/*;q=0.8',
  'accept-encoding' => 'gzip, deflate',
  'accept-language' => 'en-US,en;q=0.9',
  'cookie' => 'thinkphp_show_page_trace=0|0; pgv_pvi=8764176384; Hm_lvt_7413c094baab781525d3d001465f0fbb=1523517872; Hm_lpvt_7413c094baab781525d3d001465f0fbb=1523518398; PHPSESSID=hf0hqr6lr0h2v7os5a33g8lps5; thinkphp_show_page_trace=0|0',
)
[ info ] [ PARAM ] array (
)
[ info ] [ SESSION ] INIT array (
  'id' => '',
  'var_session_id' => '',
  'prefix' => 'think',
  'type' => '',
  'auto_start' => true,
)
[ info ] [ LOG ] INIT File
---------------------------------------------------------------
[ 2018-04-13T09:32:24+08:00 ] 119.130.71.239 GET /index.php/login/login.html
[ info ] oa.chinaiart.com/index.php/login/login.html [运行时间：0.001842s][吞吐率：542.88req/s] [内存消耗：390.44kb] [文件加载：56]
[ info ] [ LANG ] /var/www/chinaiart_oa/thinkphp/lang/zh-cn.php
[ info ] [ BIND ] 'admin'
[ info ] [ ROUTE ] array (
  'type' => 'module',
  'module' => 
  array (
    0 => 'admin',
    1 => 'login',
    2 => 'login',
  ),
)
[ info ] [ HEADER ] array (
  'host' => 'oa.chinaiart.com',
  'connection' => 'keep-alive',
  'user-agent' => 'Mozilla/5.0 (X11; Linux x86_64) AppleWebKit/537.36 (KHTML, like Gecko) Chrome/63.0.3239.132 Safari/537.36',
  'upgrade-insecure-requests' => '1',
  'accept' => 'text/html,application/xhtml+xml,application/xml;q=0.9,image/webp,image/apng,*/*;q=0.8',
  'accept-encoding' => 'gzip, deflate',
  'accept-language' => 'en-US,en;q=0.9',
  'cookie' => 'pgv_pvi=8764176384; Hm_lvt_7413c094baab781525d3d001465f0fbb=1523517872; Hm_lpvt_7413c094baab781525d3d001465f0fbb=1523518398; PHPSESSID=hf0hqr6lr0h2v7os5a33g8lps5; thinkphp_show_page_trace=0|0',
)
[ info ] [ PARAM ] array (
)
[ info ] [ DB ] INIT mysql
[ info ] [ RUN ] app\admin\controller\Login->login[ /var/www/chinaiart_oa/application/admin/controller/Login.php ]
[ info ] [ VIEW ] /var/www/chinaiart_oa/public/../application/admin/view/login/login.html [ array (
) ]
[ info ] [ LOG ] INIT File
---------------------------------------------------------------
[ 2018-04-13T10:09:13+08:00 ] 119.130.71.239 POST /index.php/login/login.html
[ info ] oa.chinaiart.com/index.php/login/login.html [运行时间：0.004310s][吞吐率：232.02req/s] [内存消耗：385.84kb] [文件加载：52]
[ info ] [ LANG ] /var/www/chinaiart_oa/thinkphp/lang/zh-cn.php
[ info ] [ BIND ] 'admin'
[ info ] [ ROUTE ] array (
  'type' => 'module',
  'module' => 
  array (
    0 => 'admin',
    1 => 'login',
    2 => 'login',
  ),
)
[ info ] [ HEADER ] array (
  'host' => 'oa.chinaiart.com',
  'connection' => 'keep-alive',
  'content-length' => '52',
  'cache-control' => 'max-age=0',
  'origin' => 'http://oa.chinaiart.com',
  'upgrade-insecure-requests' => '1',
  'content-type' => 'application/x-www-form-urlencoded',
  'user-agent' => 'Mozilla/5.0 (X11; Linux x86_64) AppleWebKit/537.36 (KHTML, like Gecko) Chrome/63.0.3239.132 Safari/537.36',
  'accept' => 'text/html,application/xhtml+xml,application/xml;q=0.9,image/webp,image/apng,*/*;q=0.8',
  'referer' => 'http://oa.chinaiart.com/index.php/login/login.html',
  'accept-encoding' => 'gzip, deflate',
  'accept-language' => 'en-US,en;q=0.9',
  'cookie' => 'thinkphp_show_page_trace=0|0; pgv_pvi=8764176384; Hm_lvt_7413c094baab781525d3d001465f0fbb=1523517872; PHPSESSID=hf0hqr6lr0h2v7os5a33g8lps5; thinkphp_show_page_trace=0|0; Hm_lpvt_7413c094baab781525d3d001465f0fbb=1523583290',
)
[ info ] [ PARAM ] array (
  'username' => '甘文杰',
  'password' => 'skyuse',
)
[ info ] [ DB ] INIT mysql
[ info ] [ RUN ] app\admin\controller\Login->login[ /var/www/chinaiart_oa/application/admin/controller/Login.php ]
[ info ] [ SESSION ] INIT array (
  'id' => '',
  'var_session_id' => '',
  'prefix' => 'think',
  'type' => '',
  'auto_start' => true,
)
[ info ] [ LOG ] INIT File
[ sql ] [ DB ] CONNECT:[ UseTime:0.000409s ] mysql:host=127.0.0.1;dbname=skyuse_oa;charset=utf8
[ sql ] [ SQL ] SHOW COLUMNS FROM `oa_user` [ RunTime:0.000759s ]
[ sql ] [ SQL ] SELECT * FROM `oa_user` WHERE  `user_username` = '甘文杰' LIMIT 1 [ RunTime:0.000430s ]
[ sql ] [ SQL ] SELECT * FROM `oa_user` WHERE  `user_username` = '甘文杰'  AND `user_password` = 'd4f1a36cf45ef3714a2c4c362f1a616c' LIMIT 1 [ RunTime:0.000337s ]
---------------------------------------------------------------
[ 2018-04-13T10:09:13+08:00 ] 119.130.71.239 GET /index.php/index/index
[ info ] oa.chinaiart.com/index.php/index/index [运行时间：0.005509s][吞吐率：181.52req/s] [内存消耗：506.58kb] [文件加载：60]
[ info ] [ LANG ] /var/www/chinaiart_oa/thinkphp/lang/zh-cn.php
[ info ] [ BIND ] 'admin'
[ info ] [ ROUTE ] array (
  'type' => 'module',
  'module' => 
  array (
    0 => 'admin',
    1 => 'index',
    2 => 'index',
  ),
)
[ info ] [ HEADER ] array (
  'host' => 'oa.chinaiart.com',
  'connection' => 'keep-alive',
  'upgrade-insecure-requests' => '1',
  'user-agent' => 'Mozilla/5.0 (X11; Linux x86_64) AppleWebKit/537.36 (KHTML, like Gecko) Chrome/63.0.3239.132 Safari/537.36',
  'accept' => 'text/html,application/xhtml+xml,application/xml;q=0.9,image/webp,image/apng,*/*;q=0.8',
  'referer' => 'http://oa.chinaiart.com/index.php/login/login.html',
  'accept-encoding' => 'gzip, deflate',
  'accept-language' => 'en-US,en;q=0.9',
  'cookie' => 'thinkphp_show_page_trace=0|0; pgv_pvi=8764176384; Hm_lvt_7413c094baab781525d3d001465f0fbb=1523517872; PHPSESSID=hf0hqr6lr0h2v7os5a33g8lps5; thinkphp_show_page_trace=0|0; Hm_lpvt_7413c094baab781525d3d001465f0fbb=1523583290',
)
[ info ] [ PARAM ] array (
)
[ info ] [ SESSION ] INIT array (
  'id' => '',
  'var_session_id' => '',
  'prefix' => 'think',
  'type' => '',
  'auto_start' => true,
)
[ info ] [ DB ] INIT mysql
[ info ] [ RUN ] app\admin\controller\Index->index[ /var/www/chinaiart_oa/application/admin/controller/Index.php ]
[ info ] [ VIEW ] /var/www/chinaiart_oa/public/../application/admin/view/index/index.html [ array (
) ]
[ info ] [ LOG ] INIT File
[ sql ] [ DB ] CONNECT:[ UseTime:0.000418s ] mysql:host=127.0.0.1;dbname=skyuse_oa;charset=utf8
[ sql ] [ SQL ] SHOW COLUMNS FROM `oa_user` [ RunTime:0.000795s ]
[ sql ] [ SQL ] SELECT * FROM `oa_user` WHERE  `user_id` = 1 LIMIT 1 [ RunTime:0.000305s ]
---------------------------------------------------------------
[ 2018-04-13T10:09:15+08:00 ] 119.130.71.239 GET /static/admin/fonts/fontawesome-webfont.woff2?v=4.3.0
[ info ] oa.chinaiart.com/static/admin/fonts/fontawesome-webfont.woff2?v=4.3.0 [运行时间：0.002769s][吞吐率：361.14req/s] [内存消耗：223.47kb] [文件加载：44]
[ info ] [ LANG ] /var/www/chinaiart_oa/thinkphp/lang/zh-cn.php
[ info ] [ BIND ] 'admin'
[ info ] [ ROUTE ] array (
  'type' => 'module',
  'module' => 
  array (
    0 => 'admin',
    1 => 'static',
    2 => 'admin',
  ),
)
[ info ] [ HEADER ] array (
  'host' => 'oa.chinaiart.com',
  'connection' => 'keep-alive',
  'origin' => 'http://oa.chinaiart.com',
  'user-agent' => 'Mozilla/5.0 (X11; Linux x86_64) AppleWebKit/537.36 (KHTML, like Gecko) Chrome/63.0.3239.132 Safari/537.36',
  'accept' => '*/*',
  'referer' => 'http://oa.chinaiart.com/static/admin/style/font-awesome.css',
  'accept-encoding' => 'gzip, deflate',
  'accept-language' => 'en-US,en;q=0.9',
  'cookie' => 'pgv_pvi=8764176384; Hm_lvt_7413c094baab781525d3d001465f0fbb=1523517872; PHPSESSID=hf0hqr6lr0h2v7os5a33g8lps5; thinkphp_show_page_trace=0|0; Hm_lpvt_7413c094baab781525d3d001465f0fbb=1523583290',
)
[ info ] [ PARAM ] array (
  'v' => '4.3.0',
  'fonts' => 'fontawesome-webfont.woff2',
)
[ info ] [ LOG ] INIT File
---------------------------------------------------------------
[ 2018-04-13T10:09:18+08:00 ] 119.130.71.239 GET /index.php/user/list.html
[ info ] oa.chinaiart.com/index.php/user/list.html [运行时间：0.006233s][吞吐率：160.44req/s] [内存消耗：491.43kb] [文件加载：61]
[ info ] [ LANG ] /var/www/chinaiart_oa/thinkphp/lang/zh-cn.php
[ info ] [ BIND ] 'admin'
[ info ] [ ROUTE ] array (
  'type' => 'module',
  'module' => 
  array (
    0 => 'admin',
    1 => 'user',
    2 => 'list',
  ),
)
[ info ] [ HEADER ] array (
  'host' => 'oa.chinaiart.com',
  'connection' => 'keep-alive',
  'upgrade-insecure-requests' => '1',
  'user-agent' => 'Mozilla/5.0 (X11; Linux x86_64) AppleWebKit/537.36 (KHTML, like Gecko) Chrome/63.0.3239.132 Safari/537.36',
  'accept' => 'text/html,application/xhtml+xml,application/xml;q=0.9,image/webp,image/apng,*/*;q=0.8',
  'referer' => 'http://oa.chinaiart.com/index.php/index/index',
  'accept-encoding' => 'gzip, deflate',
  'accept-language' => 'en-US,en;q=0.9',
  'cookie' => 'thinkphp_show_page_trace=0|0; pgv_pvi=8764176384; Hm_lvt_7413c094baab781525d3d001465f0fbb=1523517872; PHPSESSID=hf0hqr6lr0h2v7os5a33g8lps5; thinkphp_show_page_trace=0|0; Hm_lpvt_7413c094baab781525d3d001465f0fbb=1523583290',
)
[ info ] [ PARAM ] array (
)
[ info ] [ DB ] INIT mysql
[ info ] [ SESSION ] INIT array (
  'id' => '',
  'var_session_id' => '',
  'prefix' => 'think',
  'type' => '',
  'auto_start' => true,
)
[ info ] [ RUN ] app\admin\controller\User->list[ /var/www/chinaiart_oa/application/admin/controller/User.php ]
[ info ] [ VIEW ] /var/www/chinaiart_oa/public/../application/admin/view/user/list.html [ array (
  0 => 'order',
  1 => 'list',
) ]
[ info ] [ LOG ] INIT File
[ sql ] [ DB ] CONNECT:[ UseTime:0.000456s ] mysql:host=127.0.0.1;dbname=skyuse_oa;charset=utf8
[ sql ] [ SQL ] SHOW COLUMNS FROM `oa_user` [ RunTime:0.000883s ]
[ sql ] [ SQL ] SELECT * FROM `oa_user` WHERE  `user_id` = 1 LIMIT 1 [ RunTime:0.000337s ]
[ sql ] [ SQL ] SELECT COUNT(*) AS tp_count FROM `oa_user` LIMIT 1 [ RunTime:0.000275s ]
[ sql ] [ SQL ] SELECT * FROM `oa_user` LIMIT 0,15 [ RunTime:0.000269s ]
---------------------------------------------------------------
[ 2018-04-13T10:09:18+08:00 ] 119.130.71.239 GET /static/admin/fonts/fontawesome-webfont.woff2?v=4.3.0
[ info ] oa.chinaiart.com/static/admin/fonts/fontawesome-webfont.woff2?v=4.3.0 [运行时间：0.001734s][吞吐率：576.70req/s] [内存消耗：223.47kb] [文件加载：44]
[ info ] [ LANG ] /var/www/chinaiart_oa/thinkphp/lang/zh-cn.php
[ info ] [ BIND ] 'admin'
[ info ] [ ROUTE ] array (
  'type' => 'module',
  'module' => 
  array (
    0 => 'admin',
    1 => 'static',
    2 => 'admin',
  ),
)
[ info ] [ HEADER ] array (
  'host' => 'oa.chinaiart.com',
  'connection' => 'keep-alive',
  'origin' => 'http://oa.chinaiart.com',
  'user-agent' => 'Mozilla/5.0 (X11; Linux x86_64) AppleWebKit/537.36 (KHTML, like Gecko) Chrome/63.0.3239.132 Safari/537.36',
  'accept' => '*/*',
  'referer' => 'http://oa.chinaiart.com/static/admin/style/font-awesome.css',
  'accept-encoding' => 'gzip, deflate',
  'accept-language' => 'en-US,en;q=0.9',
  'cookie' => 'pgv_pvi=8764176384; Hm_lvt_7413c094baab781525d3d001465f0fbb=1523517872; PHPSESSID=hf0hqr6lr0h2v7os5a33g8lps5; thinkphp_show_page_trace=0|0; Hm_lpvt_7413c094baab781525d3d001465f0fbb=1523583290',
)
[ info ] [ PARAM ] array (
  'v' => '4.3.0',
  'fonts' => 'fontawesome-webfont.woff2',
)
[ info ] [ LOG ] INIT File
---------------------------------------------------------------
[ 2018-04-13T10:09:21+08:00 ] 119.130.71.239 GET /index.php/role/list.html
[ info ] oa.chinaiart.com/index.php/role/list.html [运行时间：0.006012s][吞吐率：166.34req/s] [内存消耗：503.64kb] [文件加载：62]
[ info ] [ LANG ] /var/www/chinaiart_oa/thinkphp/lang/zh-cn.php
[ info ] [ BIND ] 'admin'
[ info ] [ ROUTE ] array (
  'type' => 'module',
  'module' => 
  array (
    0 => 'admin',
    1 => 'role',
    2 => 'list',
  ),
)
[ info ] [ HEADER ] array (
  'host' => 'oa.chinaiart.com',
  'connection' => 'keep-alive',
  'upgrade-insecure-requests' => '1',
  'user-agent' => 'Mozilla/5.0 (X11; Linux x86_64) AppleWebKit/537.36 (KHTML, like Gecko) Chrome/63.0.3239.132 Safari/537.36',
  'accept' => 'text/html,application/xhtml+xml,application/xml;q=0.9,image/webp,image/apng,*/*;q=0.8',
  'referer' => 'http://oa.chinaiart.com/index.php/user/list.html',
  'accept-encoding' => 'gzip, deflate',
  'accept-language' => 'en-US,en;q=0.9',
  'cookie' => 'thinkphp_show_page_trace=0|0; pgv_pvi=8764176384; Hm_lvt_7413c094baab781525d3d001465f0fbb=1523517872; PHPSESSID=hf0hqr6lr0h2v7os5a33g8lps5; thinkphp_show_page_trace=0|0; Hm_lpvt_7413c094baab781525d3d001465f0fbb=1523583290',
)
[ info ] [ PARAM ] array (
)
[ info ] [ DB ] INIT mysql
[ info ] [ SESSION ] INIT array (
  'id' => '',
  'var_session_id' => '',
  'prefix' => 'think',
  'type' => '',
  'auto_start' => true,
)
[ info ] [ RUN ] app\admin\controller\Role->list[ /var/www/chinaiart_oa/application/admin/controller/Role.php ]
[ info ] [ VIEW ] /var/www/chinaiart_oa/public/../application/admin/view/role/list.html [ array (
  0 => 'list',
) ]
[ info ] [ LOG ] INIT File
[ sql ] [ DB ] CONNECT:[ UseTime:0.000455s ] mysql:host=127.0.0.1;dbname=skyuse_oa;charset=utf8
[ sql ] [ SQL ] SHOW COLUMNS FROM `oa_user` [ RunTime:0.000842s ]
[ sql ] [ SQL ] SELECT * FROM `oa_user` WHERE  `user_id` = 1 LIMIT 1 [ RunTime:0.000328s ]
[ sql ] [ SQL ] SHOW COLUMNS FROM `oa_role` [ RunTime:0.000647s ]
[ sql ] [ SQL ] SELECT COUNT(*) AS tp_count FROM `oa_role` LIMIT 1 [ RunTime:0.000267s ]
[ sql ] [ SQL ] SELECT * FROM `oa_role` LIMIT 0,15 [ RunTime:0.000278s ]
---------------------------------------------------------------
[ 2018-04-13T10:09:21+08:00 ] 119.130.71.239 GET /static/admin/fonts/fontawesome-webfont.woff2?v=4.3.0
[ info ] oa.chinaiart.com/static/admin/fonts/fontawesome-webfont.woff2?v=4.3.0 [运行时间：0.001653s][吞吐率：604.98req/s] [内存消耗：223.47kb] [文件加载：44]
[ info ] [ LANG ] /var/www/chinaiart_oa/thinkphp/lang/zh-cn.php
[ info ] [ BIND ] 'admin'
[ info ] [ ROUTE ] array (
  'type' => 'module',
  'module' => 
  array (
    0 => 'admin',
    1 => 'static',
    2 => 'admin',
  ),
)
[ info ] [ HEADER ] array (
  'host' => 'oa.chinaiart.com',
  'connection' => 'keep-alive',
  'origin' => 'http://oa.chinaiart.com',
  'user-agent' => 'Mozilla/5.0 (X11; Linux x86_64) AppleWebKit/537.36 (KHTML, like Gecko) Chrome/63.0.3239.132 Safari/537.36',
  'accept' => '*/*',
  'referer' => 'http://oa.chinaiart.com/static/admin/style/font-awesome.css',
  'accept-encoding' => 'gzip, deflate',
  'accept-language' => 'en-US,en;q=0.9',
  'cookie' => 'pgv_pvi=8764176384; Hm_lvt_7413c094baab781525d3d001465f0fbb=1523517872; PHPSESSID=hf0hqr6lr0h2v7os5a33g8lps5; thinkphp_show_page_trace=0|0; Hm_lpvt_7413c094baab781525d3d001465f0fbb=1523583290',
)
[ info ] [ PARAM ] array (
  'v' => '4.3.0',
  'fonts' => 'fontawesome-webfont.woff2',
)
[ info ] [ LOG ] INIT File
---------------------------------------------------------------
[ 2018-04-13T10:09:23+08:00 ] 119.130.71.239 GET /index.php/authority/list.html
[ info ] oa.chinaiart.com/index.php/authority/list.html [运行时间：0.006827s][吞吐率：146.47req/s] [内存消耗：527.61kb] [文件加载：62]
[ info ] [ LANG ] /var/www/chinaiart_oa/thinkphp/lang/zh-cn.php
[ info ] [ BIND ] 'admin'
[ info ] [ ROUTE ] array (
  'type' => 'module',
  'module' => 
  array (
    0 => 'admin',
    1 => 'authority',
    2 => 'list',
  ),
)
[ info ] [ HEADER ] array (
  'host' => 'oa.chinaiart.com',
  'connection' => 'keep-alive',
  'upgrade-insecure-requests' => '1',
  'user-agent' => 'Mozilla/5.0 (X11; Linux x86_64) AppleWebKit/537.36 (KHTML, like Gecko) Chrome/63.0.3239.132 Safari/537.36',
  'accept' => 'text/html,application/xhtml+xml,application/xml;q=0.9,image/webp,image/apng,*/*;q=0.8',
  'referer' => 'http://oa.chinaiart.com/index.php/role/list.html',
  'accept-encoding' => 'gzip, deflate',
  'accept-language' => 'en-US,en;q=0.9',
  'cookie' => 'thinkphp_show_page_trace=0|0; pgv_pvi=8764176384; Hm_lvt_7413c094baab781525d3d001465f0fbb=1523517872; PHPSESSID=hf0hqr6lr0h2v7os5a33g8lps5; thinkphp_show_page_trace=0|0; Hm_lpvt_7413c094baab781525d3d001465f0fbb=1523583290',
)
[ info ] [ PARAM ] array (
)
[ info ] [ DB ] INIT mysql
[ info ] [ SESSION ] INIT array (
  'id' => '',
  'var_session_id' => '',
  'prefix' => 'think',
  'type' => '',
  'auto_start' => true,
)
[ info ] [ RUN ] app\admin\controller\Authority->list[ /var/www/chinaiart_oa/application/admin/controller/Authority.php ]
[ info ] [ VIEW ] /var/www/chinaiart_oa/public/../application/admin/view/authority/list.html [ array (
  0 => 'list',
) ]
[ info ] [ LOG ] INIT File
[ sql ] [ DB ] CONNECT:[ UseTime:0.000408s ] mysql:host=127.0.0.1;dbname=skyuse_oa;charset=utf8
[ sql ] [ SQL ] SHOW COLUMNS FROM `oa_user` [ RunTime:0.000844s ]
[ sql ] [ SQL ] SELECT * FROM `oa_user` WHERE  `user_id` = 1 LIMIT 1 [ RunTime:0.000321s ]
[ sql ] [ SQL ] SHOW COLUMNS FROM `oa_authority` [ RunTime:0.000642s ]
[ sql ] [ SQL ] SELECT COUNT(*) AS tp_count FROM `oa_authority` LIMIT 1 [ RunTime:0.000294s ]
[ sql ] [ SQL ] SELECT * FROM `oa_authority` LIMIT 0,15 [ RunTime:0.000274s ]
---------------------------------------------------------------
[ 2018-04-13T10:09:23+08:00 ] 119.130.71.239 GET /static/admin/fonts/fontawesome-webfont.woff2?v=4.3.0
[ info ] oa.chinaiart.com/static/admin/fonts/fontawesome-webfont.woff2?v=4.3.0 [运行时间：0.001988s][吞吐率：502.97req/s] [内存消耗：223.47kb] [文件加载：44]
[ info ] [ LANG ] /var/www/chinaiart_oa/thinkphp/lang/zh-cn.php
[ info ] [ BIND ] 'admin'
[ info ] [ ROUTE ] array (
  'type' => 'module',
  'module' => 
  array (
    0 => 'admin',
    1 => 'static',
    2 => 'admin',
  ),
)
[ info ] [ HEADER ] array (
  'host' => 'oa.chinaiart.com',
  'connection' => 'keep-alive',
  'origin' => 'http://oa.chinaiart.com',
  'user-agent' => 'Mozilla/5.0 (X11; Linux x86_64) AppleWebKit/537.36 (KHTML, like Gecko) Chrome/63.0.3239.132 Safari/537.36',
  'accept' => '*/*',
  'referer' => 'http://oa.chinaiart.com/static/admin/style/font-awesome.css',
  'accept-encoding' => 'gzip, deflate',
  'accept-language' => 'en-US,en;q=0.9',
  'cookie' => 'pgv_pvi=8764176384; Hm_lvt_7413c094baab781525d3d001465f0fbb=1523517872; PHPSESSID=hf0hqr6lr0h2v7os5a33g8lps5; thinkphp_show_page_trace=0|0; Hm_lpvt_7413c094baab781525d3d001465f0fbb=1523583290',
)
[ info ] [ PARAM ] array (
  'v' => '4.3.0',
  'fonts' => 'fontawesome-webfont.woff2',
)
[ info ] [ LOG ] INIT File
---------------------------------------------------------------
[ 2018-04-13T10:09:27+08:00 ] 119.130.71.239 GET /index.php/user_commission/list.html
[ info ] oa.chinaiart.com/index.php/user_commission/list.html [运行时间：0.007620s][吞吐率：131.23req/s] [内存消耗：506.21kb] [文件加载：62]
[ info ] [ LANG ] /var/www/chinaiart_oa/thinkphp/lang/zh-cn.php
[ info ] [ BIND ] 'admin'
[ info ] [ ROUTE ] array (
  'type' => 'module',
  'module' => 
  array (
    0 => 'admin',
    1 => 'user_commission',
    2 => 'list',
  ),
)
[ info ] [ HEADER ] array (
  'host' => 'oa.chinaiart.com',
  'connection' => 'keep-alive',
  'upgrade-insecure-requests' => '1',
  'user-agent' => 'Mozilla/5.0 (X11; Linux x86_64) AppleWebKit/537.36 (KHTML, like Gecko) Chrome/63.0.3239.132 Safari/537.36',
  'accept' => 'text/html,application/xhtml+xml,application/xml;q=0.9,image/webp,image/apng,*/*;q=0.8',
  'referer' => 'http://oa.chinaiart.com/index.php/authority/list.html',
  'accept-encoding' => 'gzip, deflate',
  'accept-language' => 'en-US,en;q=0.9',
  'cookie' => 'pgv_pvi=8764176384; Hm_lvt_7413c094baab781525d3d001465f0fbb=1523517872; PHPSESSID=hf0hqr6lr0h2v7os5a33g8lps5; thinkphp_show_page_trace=0|0; Hm_lpvt_7413c094baab781525d3d001465f0fbb=1523583290',
)
[ info ] [ PARAM ] array (
)
[ info ] [ DB ] INIT mysql
[ info ] [ SESSION ] INIT array (
  'id' => '',
  'var_session_id' => '',
  'prefix' => 'think',
  'type' => '',
  'auto_start' => true,
)
[ info ] [ RUN ] app\admin\controller\UserCommission->list[ /var/www/chinaiart_oa/application/admin/controller/UserCommission.php ]
[ info ] [ VIEW ] /var/www/chinaiart_oa/public/../application/admin/view/user_commission/list.html [ array (
  0 => 'list',
  1 => 'order',
) ]
[ info ] [ LOG ] INIT File
[ sql ] [ DB ] CONNECT:[ UseTime:0.000441s ] mysql:host=127.0.0.1;dbname=skyuse_oa;charset=utf8
[ sql ] [ SQL ] SHOW COLUMNS FROM `oa_user` [ RunTime:0.000826s ]
[ sql ] [ SQL ] SELECT * FROM `oa_user` WHERE  `user_id` = 1 LIMIT 1 [ RunTime:0.000332s ]
[ sql ] [ SQL ] SHOW COLUMNS FROM `oa_user_commission` [ RunTime:0.000618s ]
[ sql ] [ SQL ] SELECT COUNT(*) AS tp_count FROM `oa_user_commission` LIMIT 1 [ RunTime:0.000233s ]
[ sql ] [ SQL ] SELECT * FROM `oa_user_commission` ORDER BY `id`  asc LIMIT 0,15 [ RunTime:0.000299s ]
---------------------------------------------------------------
[ 2018-04-13T10:09:27+08:00 ] 119.130.71.239 GET /static/admin/fonts/fontawesome-webfont.woff2?v=4.3.0
[ info ] oa.chinaiart.com/static/admin/fonts/fontawesome-webfont.woff2?v=4.3.0 [运行时间：0.002167s][吞吐率：461.47req/s] [内存消耗：223.47kb] [文件加载：44]
[ info ] [ LANG ] /var/www/chinaiart_oa/thinkphp/lang/zh-cn.php
[ info ] [ BIND ] 'admin'
[ info ] [ ROUTE ] array (
  'type' => 'module',
  'module' => 
  array (
    0 => 'admin',
    1 => 'static',
    2 => 'admin',
  ),
)
[ info ] [ HEADER ] array (
  'host' => 'oa.chinaiart.com',
  'connection' => 'keep-alive',
  'origin' => 'http://oa.chinaiart.com',
  'user-agent' => 'Mozilla/5.0 (X11; Linux x86_64) AppleWebKit/537.36 (KHTML, like Gecko) Chrome/63.0.3239.132 Safari/537.36',
  'accept' => '*/*',
  'referer' => 'http://oa.chinaiart.com/static/admin/style/font-awesome.css',
  'accept-encoding' => 'gzip, deflate',
  'accept-language' => 'en-US,en;q=0.9',
  'cookie' => 'pgv_pvi=8764176384; Hm_lvt_7413c094baab781525d3d001465f0fbb=1523517872; PHPSESSID=hf0hqr6lr0h2v7os5a33g8lps5; thinkphp_show_page_trace=0|0; Hm_lpvt_7413c094baab781525d3d001465f0fbb=1523583290',
)
[ info ] [ PARAM ] array (
  'v' => '4.3.0',
  'fonts' => 'fontawesome-webfont.woff2',
)
[ info ] [ LOG ] INIT File
---------------------------------------------------------------
[ 2018-04-13T10:09:30+08:00 ] 119.130.71.239 GET /index.php/commission/list.html
[ info ] oa.chinaiart.com/index.php/commission/list.html [运行时间：0.014886s][吞吐率：67.18req/s] [内存消耗：552.70kb] [文件加载：64]
[ info ] [ LANG ] /var/www/chinaiart_oa/thinkphp/lang/zh-cn.php
[ info ] [ BIND ] 'admin'
[ info ] [ ROUTE ] array (
  'type' => 'module',
  'module' => 
  array (
    0 => 'admin',
    1 => 'commission',
    2 => 'list',
  ),
)
[ info ] [ HEADER ] array (
  'host' => 'oa.chinaiart.com',
  'connection' => 'keep-alive',
  'upgrade-insecure-requests' => '1',
  'user-agent' => 'Mozilla/5.0 (X11; Linux x86_64) AppleWebKit/537.36 (KHTML, like Gecko) Chrome/63.0.3239.132 Safari/537.36',
  'accept' => 'text/html,application/xhtml+xml,application/xml;q=0.9,image/webp,image/apng,*/*;q=0.8',
  'referer' => 'http://oa.chinaiart.com/index.php/user_commission/list.html',
  'accept-encoding' => 'gzip, deflate',
  'accept-language' => 'en-US,en;q=0.9',
  'cookie' => 'pgv_pvi=8764176384; Hm_lvt_7413c094baab781525d3d001465f0fbb=1523517872; PHPSESSID=hf0hqr6lr0h2v7os5a33g8lps5; thinkphp_show_page_trace=0|0; Hm_lpvt_7413c094baab781525d3d001465f0fbb=1523583290',
)
[ info ] [ PARAM ] array (
)
[ info ] [ DB ] INIT mysql
[ info ] [ SESSION ] INIT array (
  'id' => '',
  'var_session_id' => '',
  'prefix' => 'think',
  'type' => '',
  'auto_start' => true,
)
[ info ] [ RUN ] app\admin\controller\Commission->list[ /var/www/chinaiart_oa/application/admin/controller/Commission.php ]
[ info ] [ VIEW ] /var/www/chinaiart_oa/public/../application/admin/view/commission/list.html [ array (
  0 => 'list',
  1 => 'order',
) ]
[ info ] [ LOG ] INIT File
[ sql ] [ DB ] CONNECT:[ UseTime:0.001641s ] mysql:host=127.0.0.1;dbname=skyuse_oa;charset=utf8
[ sql ] [ SQL ] SHOW COLUMNS FROM `oa_user` [ RunTime:0.001313s ]
[ sql ] [ SQL ] SELECT * FROM `oa_user` WHERE  `user_id` = 1 LIMIT 1 [ RunTime:0.000337s ]
[ sql ] [ SQL ] SHOW COLUMNS FROM `oa_commission` [ RunTime:0.001009s ]
[ sql ] [ SQL ] SELECT COUNT(*) AS tp_count FROM `oa_commission` LIMIT 1 [ RunTime:0.000302s ]
[ sql ] [ SQL ] SELECT * FROM `oa_commission` ORDER BY `commission_id`  asc LIMIT 0,15 [ RunTime:0.000327s ]
---------------------------------------------------------------
[ 2018-04-13T10:09:30+08:00 ] 119.130.71.239 GET /static/admin/fonts/fontawesome-webfont.woff2?v=4.3.0
[ info ] oa.chinaiart.com/static/admin/fonts/fontawesome-webfont.woff2?v=4.3.0 [运行时间：0.002595s][吞吐率：385.36req/s] [内存消耗：223.47kb] [文件加载：44]
[ info ] [ LANG ] /var/www/chinaiart_oa/thinkphp/lang/zh-cn.php
[ info ] [ BIND ] 'admin'
[ info ] [ ROUTE ] array (
  'type' => 'module',
  'module' => 
  array (
    0 => 'admin',
    1 => 'static',
    2 => 'admin',
  ),
)
[ info ] [ HEADER ] array (
  'host' => 'oa.chinaiart.com',
  'connection' => 'keep-alive',
  'origin' => 'http://oa.chinaiart.com',
  'user-agent' => 'Mozilla/5.0 (X11; Linux x86_64) AppleWebKit/537.36 (KHTML, like Gecko) Chrome/63.0.3239.132 Safari/537.36',
  'accept' => '*/*',
  'referer' => 'http://oa.chinaiart.com/static/admin/style/font-awesome.css',
  'accept-encoding' => 'gzip, deflate',
  'accept-language' => 'en-US,en;q=0.9',
  'cookie' => 'pgv_pvi=8764176384; Hm_lvt_7413c094baab781525d3d001465f0fbb=1523517872; PHPSESSID=hf0hqr6lr0h2v7os5a33g8lps5; thinkphp_show_page_trace=0|0; Hm_lpvt_7413c094baab781525d3d001465f0fbb=1523583290',
)
[ info ] [ PARAM ] array (
  'v' => '4.3.0',
  'fonts' => 'fontawesome-webfont.woff2',
)
[ info ] [ LOG ] INIT File
---------------------------------------------------------------
[ 2018-04-13T10:09:33+08:00 ] 119.130.71.239 GET /index.php/rule/list.html
[ info ] oa.chinaiart.com/index.php/rule/list.html [运行时间：0.008142s][吞吐率：122.82req/s] [内存消耗：497.10kb] [文件加载：62]
[ info ] [ LANG ] /var/www/chinaiart_oa/thinkphp/lang/zh-cn.php
[ info ] [ BIND ] 'admin'
[ info ] [ ROUTE ] array (
  'type' => 'module',
  'module' => 
  array (
    0 => 'admin',
    1 => 'rule',
    2 => 'list',
  ),
)
[ info ] [ HEADER ] array (
  'host' => 'oa.chinaiart.com',
  'connection' => 'keep-alive',
  'upgrade-insecure-requests' => '1',
  'user-agent' => 'Mozilla/5.0 (X11; Linux x86_64) AppleWebKit/537.36 (KHTML, like Gecko) Chrome/63.0.3239.132 Safari/537.36',
  'accept' => 'text/html,application/xhtml+xml,application/xml;q=0.9,image/webp,image/apng,*/*;q=0.8',
  'referer' => 'http://oa.chinaiart.com/index.php/commission/list.html',
  'accept-encoding' => 'gzip, deflate',
  'accept-language' => 'en-US,en;q=0.9',
  'cookie' => 'pgv_pvi=8764176384; Hm_lvt_7413c094baab781525d3d001465f0fbb=1523517872; PHPSESSID=hf0hqr6lr0h2v7os5a33g8lps5; thinkphp_show_page_trace=0|0; Hm_lpvt_7413c094baab781525d3d001465f0fbb=1523583290',
)
[ info ] [ PARAM ] array (
)
[ info ] [ DB ] INIT mysql
[ info ] [ SESSION ] INIT array (
  'id' => '',
  'var_session_id' => '',
  'prefix' => 'think',
  'type' => '',
  'auto_start' => true,
)
[ info ] [ RUN ] app\admin\controller\Rule->list[ /var/www/chinaiart_oa/application/admin/controller/Rule.php ]
[ info ] [ VIEW ] /var/www/chinaiart_oa/public/../application/admin/view/rule/list.html [ array (
  0 => 'list',
) ]
[ info ] [ LOG ] INIT File
[ sql ] [ DB ] CONNECT:[ UseTime:0.001816s ] mysql:host=127.0.0.1;dbname=skyuse_oa;charset=utf8
[ sql ] [ SQL ] SHOW COLUMNS FROM `oa_user` [ RunTime:0.000876s ]
[ sql ] [ SQL ] SELECT * FROM `oa_user` WHERE  `user_id` = 1 LIMIT 1 [ RunTime:0.000340s ]
[ sql ] [ SQL ] SHOW COLUMNS FROM `oa_rule` [ RunTime:0.000681s ]
[ sql ] [ SQL ] SELECT COUNT(*) AS tp_count FROM `oa_rule` LIMIT 1 [ RunTime:0.000252s ]
[ sql ] [ SQL ] SELECT * FROM `oa_rule` LIMIT 0,15 [ RunTime:0.000257s ]
---------------------------------------------------------------
[ 2018-04-13T10:09:33+08:00 ] 119.130.71.239 GET /static/admin/fonts/fontawesome-webfont.woff2?v=4.3.0
[ info ] oa.chinaiart.com/static/admin/fonts/fontawesome-webfont.woff2?v=4.3.0 [运行时间：0.002284s][吞吐率：437.82req/s] [内存消耗：223.47kb] [文件加载：44]
[ info ] [ LANG ] /var/www/chinaiart_oa/thinkphp/lang/zh-cn.php
[ info ] [ BIND ] 'admin'
[ info ] [ ROUTE ] array (
  'type' => 'module',
  'module' => 
  array (
    0 => 'admin',
    1 => 'static',
    2 => 'admin',
  ),
)
[ info ] [ HEADER ] array (
  'host' => 'oa.chinaiart.com',
  'connection' => 'keep-alive',
  'origin' => 'http://oa.chinaiart.com',
  'user-agent' => 'Mozilla/5.0 (X11; Linux x86_64) AppleWebKit/537.36 (KHTML, like Gecko) Chrome/63.0.3239.132 Safari/537.36',
  'accept' => '*/*',
  'referer' => 'http://oa.chinaiart.com/static/admin/style/font-awesome.css',
  'accept-encoding' => 'gzip, deflate',
  'accept-language' => 'en-US,en;q=0.9',
  'cookie' => 'pgv_pvi=8764176384; Hm_lvt_7413c094baab781525d3d001465f0fbb=1523517872; PHPSESSID=hf0hqr6lr0h2v7os5a33g8lps5; thinkphp_show_page_trace=0|0; Hm_lpvt_7413c094baab781525d3d001465f0fbb=1523583290',
)
[ info ] [ PARAM ] array (
  'v' => '4.3.0',
  'fonts' => 'fontawesome-webfont.woff2',
)
[ info ] [ LOG ] INIT File
---------------------------------------------------------------
[ 2018-04-13T13:54:56+08:00 ] 106.14.115.254 GET /
[ info ] oa.chinaiart.com/ [运行时间：0.002199s][吞吐率：454.77req/s] [内存消耗：248.67kb] [文件加载：48]
[ info ] [ LANG ] /var/www/chinaiart_oa/thinkphp/lang/zh-cn.php
[ info ] [ BIND ] 'admin'
[ info ] [ ROUTE ] array (
  'type' => 'module',
  'module' => 
  array (
    0 => 'admin',
    1 => NULL,
    2 => NULL,
  ),
)
[ info ] [ HEADER ] array (
  'user-agent' => 'Mozilla/5.0 (X11; Ubuntu; Linux x86_64; rv:36.0) Gecko/20100101 Firefox/36.0',
  'host' => 'oa.chinaiart.com',
  'accept' => 'text/html, image/gif, image/jpeg, *; q=.2, */*; q=.2',
  'connection' => 'keep-alive',
)
[ info ] [ PARAM ] array (
)
[ info ] [ SESSION ] INIT array (
  'id' => '',
  'var_session_id' => '',
  'prefix' => 'think',
  'type' => '',
  'auto_start' => true,
)
[ info ] [ LOG ] INIT File
---------------------------------------------------------------
[ 2018-04-13T13:54:56+08:00 ] 106.14.115.254 GET /login/login.html
[ info ] oa.chinaiart.com/login/login.html [运行时间：0.001898s][吞吐率：526.86req/s] [内存消耗：388.66kb] [文件加载：56]
[ info ] [ LANG ] /var/www/chinaiart_oa/thinkphp/lang/zh-cn.php
[ info ] [ BIND ] 'admin'
[ info ] [ ROUTE ] array (
  'type' => 'module',
  'module' => 
  array (
    0 => 'admin',
    1 => 'login',
    2 => 'login',
  ),
)
[ info ] [ HEADER ] array (
  'user-agent' => 'Mozilla/5.0 (X11; Ubuntu; Linux x86_64; rv:36.0) Gecko/20100101 Firefox/36.0',
  'host' => 'oa.chinaiart.com',
  'accept' => 'text/html, image/gif, image/jpeg, *; q=.2, */*; q=.2',
  'connection' => 'keep-alive',
)
[ info ] [ PARAM ] array (
)
[ info ] [ DB ] INIT mysql
[ info ] [ RUN ] app\admin\controller\Login->login[ /var/www/chinaiart_oa/application/admin/controller/Login.php ]
[ info ] [ VIEW ] /var/www/chinaiart_oa/public/../application/admin/view/login/login.html [ array (
) ]
[ info ] [ LOG ] INIT File
