---------------------------------------------------------------
[ 2018-04-20T17:02:40+08:00 ] 119.130.71.104 GET /
[ info ] oa.chinaiart.com/ [运行时间：0.037308s][吞吐率：26.80req/s] [内存消耗：383.73kb] [文件加载：48]
[ info ] [ LANG ] /var/www/chinaiart_oa/thinkphp/lang/zh-cn.php
[ info ] [ BIND ] 'admin'
[ info ] [ ROUTE ] array (
  'type' => 'module',
  'module' => 
  array (
    0 => 'admin',
    1 => NULL,
    2 => NULL,
  ),
)
[ info ] [ HEADER ] array (
  'host' => 'oa.chinaiart.com',
  'connection' => 'keep-alive',
  'user-agent' => 'Mozilla/5.0 (X11; Linux x86_64) AppleWebKit/537.36 (KHTML, like Gecko) Chrome/63.0.3239.132 Safari/537.36',
  'upgrade-insecure-requests' => '1',
  'accept' => 'text/html,application/xhtml+xml,application/xml;q=0.9,image/webp,image/apng,*/*;q=0.8',
  'accept-encoding' => 'gzip, deflate',
  'accept-language' => 'en-GB,en-US;q=0.9,en;q=0.8',
  'cookie' => 'pgv_pvi=8764176384; Hm_lvt_7413c094baab781525d3d001465f0fbb=1523517872,1523949891',
)
[ info ] [ PARAM ] array (
)
[ info ] [ SESSION ] INIT array (
  'id' => '',
  'var_session_id' => '',
  'prefix' => 'think',
  'type' => '',
  'auto_start' => true,
)
[ info ] [ LOG ] INIT File
---------------------------------------------------------------
[ 2018-04-20T17:02:40+08:00 ] 119.130.71.104 GET /login/login.html
[ info ] oa.chinaiart.com/login/login.html [运行时间：0.021007s][吞吐率：47.60req/s] [内存消耗：520.70kb] [文件加载：56]
[ info ] [ LANG ] /var/www/chinaiart_oa/thinkphp/lang/zh-cn.php
[ info ] [ BIND ] 'admin'
[ info ] [ ROUTE ] array (
  'type' => 'module',
  'module' => 
  array (
    0 => 'admin',
    1 => 'login',
    2 => 'login',
  ),
)
[ info ] [ HEADER ] array (
  'host' => 'oa.chinaiart.com',
  'connection' => 'keep-alive',
  'user-agent' => 'Mozilla/5.0 (X11; Linux x86_64) AppleWebKit/537.36 (KHTML, like Gecko) Chrome/63.0.3239.132 Safari/537.36',
  'upgrade-insecure-requests' => '1',
  'accept' => 'text/html,application/xhtml+xml,application/xml;q=0.9,image/webp,image/apng,*/*;q=0.8',
  'accept-encoding' => 'gzip, deflate',
  'accept-language' => 'en-GB,en-US;q=0.9,en;q=0.8',
  'cookie' => 'pgv_pvi=8764176384; Hm_lvt_7413c094baab781525d3d001465f0fbb=1523517872,1523949891; PHPSESSID=311ffafd31a3270953767622fe336909',
)
[ info ] [ PARAM ] array (
)
[ info ] [ DB ] INIT mysql
[ info ] [ RUN ] app\admin\controller\Login->login[ /var/www/chinaiart_oa/application/admin/controller/Login.php ]
[ info ] [ VIEW ] /var/www/chinaiart_oa/public/../application/admin/view/login/login.html [ array (
) ]
[ info ] [ LOG ] INIT File
---------------------------------------------------------------
[ 2018-04-20T17:02:47+08:00 ] 119.130.71.104 POST /login/login.html
[ info ] oa.chinaiart.com/login/login.html [运行时间：0.008448s][吞吐率：118.37req/s] [内存消耗：380.41kb] [文件加载：51]
[ info ] [ LANG ] /var/www/chinaiart_oa/thinkphp/lang/zh-cn.php
[ info ] [ BIND ] 'admin'
[ info ] [ ROUTE ] array (
  'type' => 'module',
  'module' => 
  array (
    0 => 'admin',
    1 => 'login',
    2 => 'login',
  ),
)
[ info ] [ HEADER ] array (
  'host' => 'oa.chinaiart.com',
  'connection' => 'keep-alive',
  'content-length' => '33',
  'cache-control' => 'max-age=0',
  'origin' => 'http://oa.chinaiart.com',
  'upgrade-insecure-requests' => '1',
  'content-type' => 'application/x-www-form-urlencoded',
  'user-agent' => 'Mozilla/5.0 (X11; Linux x86_64) AppleWebKit/537.36 (KHTML, like Gecko) Chrome/63.0.3239.132 Safari/537.36',
  'accept' => 'text/html,application/xhtml+xml,application/xml;q=0.9,image/webp,image/apng,*/*;q=0.8',
  'referer' => 'http://oa.chinaiart.com/login/login.html',
  'accept-encoding' => 'gzip, deflate',
  'accept-language' => 'en-GB,en-US;q=0.9,en;q=0.8',
  'cookie' => 'thinkphp_show_page_trace=0|0; pgv_pvi=8764176384; Hm_lvt_7413c094baab781525d3d001465f0fbb=1523517872,1523949891; PHPSESSID=311ffafd31a3270953767622fe336909',
)
[ info ] [ PARAM ] array (
  'username' => 'xiaojing',
  'password' => 'skyuse',
)
[ info ] [ DB ] INIT mysql
[ info ] [ RUN ] app\admin\controller\Login->login[ /var/www/chinaiart_oa/application/admin/controller/Login.php ]
[ info ] [ LOG ] INIT File
[ sql ] [ DB ] CONNECT:[ UseTime:0.001875s ] mysql:host=127.0.0.1;dbname=skyuse_oa;charset=utf8
[ sql ] [ SQL ] SHOW COLUMNS FROM `oa_user` [ RunTime:0.000889s ]
[ sql ] [ SQL ] SELECT * FROM `oa_user` WHERE  `user_username` = 'xiaojing' LIMIT 1 [ RunTime:0.000445s ]
---------------------------------------------------------------
[ 2018-04-20T17:02:48+08:00 ] 119.130.71.104 GET /login/login.html
[ info ] oa.chinaiart.com/login/login.html [运行时间：0.002309s][吞吐率：433.07req/s] [内存消耗：390.40kb] [文件加载：56]
[ info ] [ LANG ] /var/www/chinaiart_oa/thinkphp/lang/zh-cn.php
[ info ] [ BIND ] 'admin'
[ info ] [ ROUTE ] array (
  'type' => 'module',
  'module' => 
  array (
    0 => 'admin',
    1 => 'login',
    2 => 'login',
  ),
)
[ info ] [ HEADER ] array (
  'host' => 'oa.chinaiart.com',
  'connection' => 'keep-alive',
  'user-agent' => 'Mozilla/5.0 (X11; Linux x86_64) AppleWebKit/537.36 (KHTML, like Gecko) Chrome/63.0.3239.132 Safari/537.36',
  'upgrade-insecure-requests' => '1',
  'accept' => 'text/html,application/xhtml+xml,application/xml;q=0.9,image/webp,image/apng,*/*;q=0.8',
  'accept-encoding' => 'gzip, deflate',
  'accept-language' => 'en-GB,en-US;q=0.9,en;q=0.8',
  'cookie' => 'thinkphp_show_page_trace=0|0; pgv_pvi=8764176384; Hm_lvt_7413c094baab781525d3d001465f0fbb=1523517872,1523949891; PHPSESSID=311ffafd31a3270953767622fe336909',
)
[ info ] [ PARAM ] array (
)
[ info ] [ DB ] INIT mysql
[ info ] [ RUN ] app\admin\controller\Login->login[ /var/www/chinaiart_oa/application/admin/controller/Login.php ]
[ info ] [ VIEW ] /var/www/chinaiart_oa/public/../application/admin/view/login/login.html [ array (
) ]
[ info ] [ LOG ] INIT File
---------------------------------------------------------------
[ 2018-04-20T17:02:59+08:00 ] 119.130.71.104 POST /login/login.html
[ info ] oa.chinaiart.com/login/login.html [运行时间：0.007983s][吞吐率：125.26req/s] [内存消耗：385.47kb] [文件加载：52]
[ info ] [ LANG ] /var/www/chinaiart_oa/thinkphp/lang/zh-cn.php
[ info ] [ BIND ] 'admin'
[ info ] [ ROUTE ] array (
  'type' => 'module',
  'module' => 
  array (
    0 => 'admin',
    1 => 'login',
    2 => 'login',
  ),
)
[ info ] [ HEADER ] array (
  'host' => 'oa.chinaiart.com',
  'connection' => 'keep-alive',
  'content-length' => '52',
  'cache-control' => 'max-age=0',
  'origin' => 'http://oa.chinaiart.com',
  'upgrade-insecure-requests' => '1',
  'content-type' => 'application/x-www-form-urlencoded',
  'user-agent' => 'Mozilla/5.0 (X11; Linux x86_64) AppleWebKit/537.36 (KHTML, like Gecko) Chrome/63.0.3239.132 Safari/537.36',
  'accept' => 'text/html,application/xhtml+xml,application/xml;q=0.9,image/webp,image/apng,*/*;q=0.8',
  'referer' => 'http://oa.chinaiart.com/login/login.html',
  'accept-encoding' => 'gzip, deflate',
  'accept-language' => 'en-GB,en-US;q=0.9,en;q=0.8',
  'cookie' => 'thinkphp_show_page_trace=0|0; pgv_pvi=8764176384; Hm_lvt_7413c094baab781525d3d001465f0fbb=1523517872,1523949891; PHPSESSID=311ffafd31a3270953767622fe336909',
)
[ info ] [ PARAM ] array (
  'username' => '甘文杰',
  'password' => 'skyuse',
)
[ info ] [ DB ] INIT mysql
[ info ] [ RUN ] app\admin\controller\Login->login[ /var/www/chinaiart_oa/application/admin/controller/Login.php ]
[ info ] [ SESSION ] INIT array (
  'id' => '',
  'var_session_id' => '',
  'prefix' => 'think',
  'type' => '',
  'auto_start' => true,
)
[ info ] [ LOG ] INIT File
[ sql ] [ DB ] CONNECT:[ UseTime:0.001626s ] mysql:host=127.0.0.1;dbname=skyuse_oa;charset=utf8
[ sql ] [ SQL ] SHOW COLUMNS FROM `oa_user` [ RunTime:0.000807s ]
[ sql ] [ SQL ] SELECT * FROM `oa_user` WHERE  `user_username` = '甘文杰' LIMIT 1 [ RunTime:0.000294s ]
[ sql ] [ SQL ] SELECT * FROM `oa_user` WHERE  `user_username` = '甘文杰'  AND `user_password` = 'd4f1a36cf45ef3714a2c4c362f1a616c' LIMIT 1 [ RunTime:0.000275s ]
---------------------------------------------------------------
[ 2018-04-20T17:03:01+08:00 ] 119.130.71.104 GET /index.php/index/index
[ info ] oa.chinaiart.com/index.php/index/index [运行时间：0.005862s][吞吐率：170.59req/s] [内存消耗：411.51kb] [文件加载：58]
[ info ] [ LANG ] /var/www/chinaiart_oa/thinkphp/lang/zh-cn.php
[ info ] [ BIND ] 'admin'
[ info ] [ ROUTE ] array (
  'type' => 'module',
  'module' => 
  array (
    0 => 'admin',
    1 => 'index',
    2 => 'index',
  ),
)
[ info ] [ HEADER ] array (
  'host' => 'oa.chinaiart.com',
  'connection' => 'keep-alive',
  'upgrade-insecure-requests' => '1',
  'user-agent' => 'Mozilla/5.0 (X11; Linux x86_64) AppleWebKit/537.36 (KHTML, like Gecko) Chrome/63.0.3239.132 Safari/537.36',
  'accept' => 'text/html,application/xhtml+xml,application/xml;q=0.9,image/webp,image/apng,*/*;q=0.8',
  'referer' => 'http://oa.chinaiart.com/login/login.html',
  'accept-encoding' => 'gzip, deflate',
  'accept-language' => 'en-GB,en-US;q=0.9,en;q=0.8',
  'cookie' => 'pgv_pvi=8764176384; Hm_lvt_7413c094baab781525d3d001465f0fbb=1523517872,1523949891; PHPSESSID=311ffafd31a3270953767622fe336909',
)
[ info ] [ PARAM ] array (
)
[ info ] [ SESSION ] INIT array (
  'id' => '',
  'var_session_id' => '',
  'prefix' => 'think',
  'type' => '',
  'auto_start' => true,
)
[ info ] [ DB ] INIT mysql
[ info ] [ RUN ] app\admin\controller\Index->index[ /var/www/chinaiart_oa/application/admin/controller/Index.php ]
[ info ] [ VIEW ] /var/www/chinaiart_oa/public/../application/admin/view/index/index.html [ array (
) ]
[ info ] [ LOG ] INIT File
[ sql ] [ DB ] CONNECT:[ UseTime:0.000455s ] mysql:host=127.0.0.1;dbname=skyuse_oa;charset=utf8
[ sql ] [ SQL ] SHOW COLUMNS FROM `oa_user` [ RunTime:0.000892s ]
[ sql ] [ SQL ] SELECT * FROM `oa_user` WHERE  `user_id` = 1 LIMIT 1 [ RunTime:0.000336s ]
---------------------------------------------------------------
[ 2018-04-20T17:03:01+08:00 ] 119.130.71.104 GET /static/admin/fonts/fontawesome-webfont.woff2?v=4.3.0
[ info ] oa.chinaiart.com/static/admin/fonts/fontawesome-webfont.woff2?v=4.3.0 [运行时间：0.008162s][吞吐率：122.52req/s] [内存消耗：224.69kb] [文件加载：44]
[ info ] [ LANG ] /var/www/chinaiart_oa/thinkphp/lang/zh-cn.php
[ info ] [ BIND ] 'admin'
[ info ] [ ROUTE ] array (
  'type' => 'module',
  'module' => 
  array (
    0 => 'admin',
    1 => 'static',
    2 => 'admin',
  ),
)
[ info ] [ HEADER ] array (
  'host' => 'oa.chinaiart.com',
  'connection' => 'keep-alive',
  'origin' => 'http://oa.chinaiart.com',
  'user-agent' => 'Mozilla/5.0 (X11; Linux x86_64) AppleWebKit/537.36 (KHTML, like Gecko) Chrome/63.0.3239.132 Safari/537.36',
  'accept' => '*/*',
  'referer' => 'http://oa.chinaiart.com/static/admin/style/font-awesome.css',
  'accept-encoding' => 'gzip, deflate',
  'accept-language' => 'en-GB,en-US;q=0.9,en;q=0.8',
  'cookie' => 'pgv_pvi=8764176384; Hm_lvt_7413c094baab781525d3d001465f0fbb=1523517872,1523949891; PHPSESSID=311ffafd31a3270953767622fe336909',
)
[ info ] [ PARAM ] array (
  'v' => '4.3.0',
  'fonts' => 'fontawesome-webfont.woff2',
)
[ info ] [ LOG ] INIT File
---------------------------------------------------------------
[ 2018-04-20T17:03:05+08:00 ] 119.130.71.104 GET /index.php/user_commission/list.html
[ info ] oa.chinaiart.com/index.php/user_commission/list.html [运行时间：0.010935s][吞吐率：91.45req/s] [内存消耗：506.66kb] [文件加载：62]
[ info ] [ LANG ] /var/www/chinaiart_oa/thinkphp/lang/zh-cn.php
[ info ] [ BIND ] 'admin'
[ info ] [ ROUTE ] array (
  'type' => 'module',
  'module' => 
  array (
    0 => 'admin',
    1 => 'user_commission',
    2 => 'list',
  ),
)
[ info ] [ HEADER ] array (
  'host' => 'oa.chinaiart.com',
  'connection' => 'keep-alive',
  'upgrade-insecure-requests' => '1',
  'user-agent' => 'Mozilla/5.0 (X11; Linux x86_64) AppleWebKit/537.36 (KHTML, like Gecko) Chrome/63.0.3239.132 Safari/537.36',
  'accept' => 'text/html,application/xhtml+xml,application/xml;q=0.9,image/webp,image/apng,*/*;q=0.8',
  'referer' => 'http://oa.chinaiart.com/index.php/index/index',
  'accept-encoding' => 'gzip, deflate',
  'accept-language' => 'en-GB,en-US;q=0.9,en;q=0.8',
  'cookie' => 'pgv_pvi=8764176384; Hm_lvt_7413c094baab781525d3d001465f0fbb=1523517872,1523949891; PHPSESSID=311ffafd31a3270953767622fe336909',
)
[ info ] [ PARAM ] array (
)
[ info ] [ DB ] INIT mysql
[ info ] [ SESSION ] INIT array (
  'id' => '',
  'var_session_id' => '',
  'prefix' => 'think',
  'type' => '',
  'auto_start' => true,
)
[ info ] [ RUN ] app\admin\controller\UserCommission->list[ /var/www/chinaiart_oa/application/admin/controller/UserCommission.php ]
[ info ] [ VIEW ] /var/www/chinaiart_oa/public/../application/admin/view/user_commission/list.html [ array (
  0 => 'list',
  1 => 'order',
) ]
[ info ] [ LOG ] INIT File
[ sql ] [ DB ] CONNECT:[ UseTime:0.000391s ] mysql:host=127.0.0.1;dbname=skyuse_oa;charset=utf8
[ sql ] [ SQL ] SHOW COLUMNS FROM `oa_user` [ RunTime:0.001495s ]
[ sql ] [ SQL ] SELECT * FROM `oa_user` WHERE  `user_id` = 1 LIMIT 1 [ RunTime:0.000332s ]
[ sql ] [ SQL ] SHOW COLUMNS FROM `oa_user_commission` [ RunTime:0.000755s ]
[ sql ] [ SQL ] SELECT COUNT(*) AS tp_count FROM `oa_user_commission` LIMIT 1 [ RunTime:0.000264s ]
[ sql ] [ SQL ] SELECT * FROM `oa_user_commission` ORDER BY `id`  asc LIMIT 0,15 [ RunTime:0.000270s ]
---------------------------------------------------------------
[ 2018-04-20T17:03:05+08:00 ] 119.130.71.104 GET /static/admin/fonts/fontawesome-webfont.woff2?v=4.3.0
[ info ] oa.chinaiart.com/static/admin/fonts/fontawesome-webfont.woff2?v=4.3.0 [运行时间：0.002267s][吞吐率：441.13req/s] [内存消耗：223.30kb] [文件加载：44]
[ info ] [ LANG ] /var/www/chinaiart_oa/thinkphp/lang/zh-cn.php
[ info ] [ BIND ] 'admin'
[ info ] [ ROUTE ] array (
  'type' => 'module',
  'module' => 
  array (
    0 => 'admin',
    1 => 'static',
    2 => 'admin',
  ),
)
[ info ] [ HEADER ] array (
  'host' => 'oa.chinaiart.com',
  'connection' => 'keep-alive',
  'origin' => 'http://oa.chinaiart.com',
  'user-agent' => 'Mozilla/5.0 (X11; Linux x86_64) AppleWebKit/537.36 (KHTML, like Gecko) Chrome/63.0.3239.132 Safari/537.36',
  'accept' => '*/*',
  'referer' => 'http://oa.chinaiart.com/static/admin/style/font-awesome.css',
  'accept-encoding' => 'gzip, deflate',
  'accept-language' => 'en-GB,en-US;q=0.9,en;q=0.8',
  'cookie' => 'pgv_pvi=8764176384; Hm_lvt_7413c094baab781525d3d001465f0fbb=1523517872,1523949891; PHPSESSID=311ffafd31a3270953767622fe336909',
)
[ info ] [ PARAM ] array (
  'v' => '4.3.0',
  'fonts' => 'fontawesome-webfont.woff2',
)
[ info ] [ LOG ] INIT File
---------------------------------------------------------------
[ 2018-04-20T17:03:07+08:00 ] 119.130.71.104 GET /index.php/commission/list.html
[ info ] oa.chinaiart.com/index.php/commission/list.html [运行时间：0.013787s][吞吐率：72.53req/s] [内存消耗：506.41kb] [文件加载：62]
[ info ] [ LANG ] /var/www/chinaiart_oa/thinkphp/lang/zh-cn.php
[ info ] [ BIND ] 'admin'
[ info ] [ ROUTE ] array (
  'type' => 'module',
  'module' => 
  array (
    0 => 'admin',
    1 => 'commission',
    2 => 'list',
  ),
)
[ info ] [ HEADER ] array (
  'host' => 'oa.chinaiart.com',
  'connection' => 'keep-alive',
  'upgrade-insecure-requests' => '1',
  'user-agent' => 'Mozilla/5.0 (X11; Linux x86_64) AppleWebKit/537.36 (KHTML, like Gecko) Chrome/63.0.3239.132 Safari/537.36',
  'accept' => 'text/html,application/xhtml+xml,application/xml;q=0.9,image/webp,image/apng,*/*;q=0.8',
  'referer' => 'http://oa.chinaiart.com/index.php/user_commission/list.html',
  'accept-encoding' => 'gzip, deflate',
  'accept-language' => 'en-GB,en-US;q=0.9,en;q=0.8',
  'cookie' => 'pgv_pvi=8764176384; Hm_lvt_7413c094baab781525d3d001465f0fbb=1523517872,1523949891; PHPSESSID=311ffafd31a3270953767622fe336909',
)
[ info ] [ PARAM ] array (
)
[ info ] [ DB ] INIT mysql
[ info ] [ SESSION ] INIT array (
  'id' => '',
  'var_session_id' => '',
  'prefix' => 'think',
  'type' => '',
  'auto_start' => true,
)
[ info ] [ RUN ] app\admin\controller\Commission->list[ /var/www/chinaiart_oa/application/admin/controller/Commission.php ]
[ info ] [ VIEW ] /var/www/chinaiart_oa/public/../application/admin/view/commission/list.html [ array (
  0 => 'list',
  1 => 'order',
) ]
[ info ] [ LOG ] INIT File
[ sql ] [ DB ] CONNECT:[ UseTime:0.001994s ] mysql:host=127.0.0.1;dbname=skyuse_oa;charset=utf8
[ sql ] [ SQL ] SHOW COLUMNS FROM `oa_user` [ RunTime:0.001439s ]
[ sql ] [ SQL ] SELECT * FROM `oa_user` WHERE  `user_id` = 1 LIMIT 1 [ RunTime:0.000325s ]
[ sql ] [ SQL ] SHOW COLUMNS FROM `oa_commission` [ RunTime:0.000607s ]
[ sql ] [ SQL ] SELECT COUNT(*) AS tp_count FROM `oa_commission` LIMIT 1 [ RunTime:0.000263s ]
[ sql ] [ SQL ] SELECT * FROM `oa_commission` ORDER BY `commission_id`  asc LIMIT 0,15 [ RunTime:0.000248s ]
---------------------------------------------------------------
[ 2018-04-20T17:03:07+08:00 ] 119.130.71.104 GET /static/admin/fonts/fontawesome-webfont.woff2?v=4.3.0
[ info ] oa.chinaiart.com/static/admin/fonts/fontawesome-webfont.woff2?v=4.3.0 [运行时间：0.002547s][吞吐率：392.61req/s] [内存消耗：223.30kb] [文件加载：44]
[ info ] [ LANG ] /var/www/chinaiart_oa/thinkphp/lang/zh-cn.php
[ info ] [ BIND ] 'admin'
[ info ] [ ROUTE ] array (
  'type' => 'module',
  'module' => 
  array (
    0 => 'admin',
    1 => 'static',
    2 => 'admin',
  ),
)
[ info ] [ HEADER ] array (
  'host' => 'oa.chinaiart.com',
  'connection' => 'keep-alive',
  'origin' => 'http://oa.chinaiart.com',
  'user-agent' => 'Mozilla/5.0 (X11; Linux x86_64) AppleWebKit/537.36 (KHTML, like Gecko) Chrome/63.0.3239.132 Safari/537.36',
  'accept' => '*/*',
  'referer' => 'http://oa.chinaiart.com/static/admin/style/font-awesome.css',
  'accept-encoding' => 'gzip, deflate',
  'accept-language' => 'en-GB,en-US;q=0.9,en;q=0.8',
  'cookie' => 'pgv_pvi=8764176384; Hm_lvt_7413c094baab781525d3d001465f0fbb=1523517872,1523949891; PHPSESSID=311ffafd31a3270953767622fe336909',
)
[ info ] [ PARAM ] array (
  'v' => '4.3.0',
  'fonts' => 'fontawesome-webfont.woff2',
)
[ info ] [ LOG ] INIT File
---------------------------------------------------------------
[ 2018-04-20T17:03:09+08:00 ] 119.130.71.104 GET /index.php/order/list.html
[ info ] oa.chinaiart.com/index.php/order/list.html [运行时间：0.013442s][吞吐率：74.39req/s] [内存消耗：698.00kb] [文件加载：62]
[ info ] [ LANG ] /var/www/chinaiart_oa/thinkphp/lang/zh-cn.php
[ info ] [ BIND ] 'admin'
[ info ] [ ROUTE ] array (
  'type' => 'module',
  'module' => 
  array (
    0 => 'admin',
    1 => 'order',
    2 => 'list',
  ),
)
[ info ] [ HEADER ] array (
  'host' => 'oa.chinaiart.com',
  'connection' => 'keep-alive',
  'upgrade-insecure-requests' => '1',
  'user-agent' => 'Mozilla/5.0 (X11; Linux x86_64) AppleWebKit/537.36 (KHTML, like Gecko) Chrome/63.0.3239.132 Safari/537.36',
  'accept' => 'text/html,application/xhtml+xml,application/xml;q=0.9,image/webp,image/apng,*/*;q=0.8',
  'referer' => 'http://oa.chinaiart.com/index.php/commission/list.html',
  'accept-encoding' => 'gzip, deflate',
  'accept-language' => 'en-GB,en-US;q=0.9,en;q=0.8',
  'cookie' => 'pgv_pvi=8764176384; Hm_lvt_7413c094baab781525d3d001465f0fbb=1523517872,1523949891; PHPSESSID=311ffafd31a3270953767622fe336909',
)
[ info ] [ PARAM ] array (
)
[ info ] [ DB ] INIT mysql
[ info ] [ SESSION ] INIT array (
  'id' => '',
  'var_session_id' => '',
  'prefix' => 'think',
  'type' => '',
  'auto_start' => true,
)
[ info ] [ RUN ] app\admin\controller\Order->list[ /var/www/chinaiart_oa/application/admin/controller/Order.php ]
[ info ] [ VIEW ] /var/www/chinaiart_oa/public/../application/admin/view/order/list.html [ array (
  0 => 'list',
  1 => 'order',
) ]
[ info ] [ LOG ] INIT File
[ sql ] [ DB ] CONNECT:[ UseTime:0.002028s ] mysql:host=127.0.0.1;dbname=skyuse_oa;charset=utf8
[ sql ] [ SQL ] SHOW COLUMNS FROM `oa_user` [ RunTime:0.000922s ]
[ sql ] [ SQL ] SELECT * FROM `oa_user` WHERE  `user_id` = 1 LIMIT 1 [ RunTime:0.000341s ]
[ sql ] [ SQL ] SHOW COLUMNS FROM `oa_order` [ RunTime:0.001225s ]
[ sql ] [ SQL ] SELECT COUNT(*) AS tp_count FROM `oa_order` LIMIT 1 [ RunTime:0.000226s ]
[ sql ] [ SQL ] SELECT * FROM `oa_order` ORDER BY `order_id`  asc LIMIT 0,15 [ RunTime:0.000282s ]
---------------------------------------------------------------
[ 2018-04-20T17:03:09+08:00 ] 119.130.71.104 GET /static/admin/fonts/fontawesome-webfont.woff2?v=4.3.0
[ info ] oa.chinaiart.com/static/admin/fonts/fontawesome-webfont.woff2?v=4.3.0 [运行时间：0.002393s][吞吐率：417.88req/s] [内存消耗：223.30kb] [文件加载：44]
[ info ] [ LANG ] /var/www/chinaiart_oa/thinkphp/lang/zh-cn.php
[ info ] [ BIND ] 'admin'
[ info ] [ ROUTE ] array (
  'type' => 'module',
  'module' => 
  array (
    0 => 'admin',
    1 => 'static',
    2 => 'admin',
  ),
)
[ info ] [ HEADER ] array (
  'host' => 'oa.chinaiart.com',
  'connection' => 'keep-alive',
  'origin' => 'http://oa.chinaiart.com',
  'user-agent' => 'Mozilla/5.0 (X11; Linux x86_64) AppleWebKit/537.36 (KHTML, like Gecko) Chrome/63.0.3239.132 Safari/537.36',
  'accept' => '*/*',
  'referer' => 'http://oa.chinaiart.com/static/admin/style/font-awesome.css',
  'accept-encoding' => 'gzip, deflate',
  'accept-language' => 'en-GB,en-US;q=0.9,en;q=0.8',
  'cookie' => 'pgv_pvi=8764176384; Hm_lvt_7413c094baab781525d3d001465f0fbb=1523517872,1523949891; PHPSESSID=311ffafd31a3270953767622fe336909',
)
[ info ] [ PARAM ] array (
  'v' => '4.3.0',
  'fonts' => 'fontawesome-webfont.woff2',
)
[ info ] [ LOG ] INIT File
---------------------------------------------------------------
[ 2018-04-20T17:03:10+08:00 ] 119.130.71.104 GET /index.php/user/list.html
[ info ] oa.chinaiart.com/index.php/user/list.html [运行时间：0.007313s][吞吐率：136.74req/s] [内存消耗：492.55kb] [文件加载：61]
[ info ] [ LANG ] /var/www/chinaiart_oa/thinkphp/lang/zh-cn.php
[ info ] [ BIND ] 'admin'
[ info ] [ ROUTE ] array (
  'type' => 'module',
  'module' => 
  array (
    0 => 'admin',
    1 => 'user',
    2 => 'list',
  ),
)
[ info ] [ HEADER ] array (
  'host' => 'oa.chinaiart.com',
  'connection' => 'keep-alive',
  'upgrade-insecure-requests' => '1',
  'user-agent' => 'Mozilla/5.0 (X11; Linux x86_64) AppleWebKit/537.36 (KHTML, like Gecko) Chrome/63.0.3239.132 Safari/537.36',
  'accept' => 'text/html,application/xhtml+xml,application/xml;q=0.9,image/webp,image/apng,*/*;q=0.8',
  'referer' => 'http://oa.chinaiart.com/index.php/order/list.html',
  'accept-encoding' => 'gzip, deflate',
  'accept-language' => 'en-GB,en-US;q=0.9,en;q=0.8',
  'cookie' => 'pgv_pvi=8764176384; Hm_lvt_7413c094baab781525d3d001465f0fbb=1523517872,1523949891; PHPSESSID=311ffafd31a3270953767622fe336909',
)
[ info ] [ PARAM ] array (
)
[ info ] [ DB ] INIT mysql
[ info ] [ SESSION ] INIT array (
  'id' => '',
  'var_session_id' => '',
  'prefix' => 'think',
  'type' => '',
  'auto_start' => true,
)
[ info ] [ RUN ] app\admin\controller\User->list[ /var/www/chinaiart_oa/application/admin/controller/User.php ]
[ info ] [ VIEW ] /var/www/chinaiart_oa/public/../application/admin/view/user/list.html [ array (
  0 => 'order',
  1 => 'list',
) ]
[ info ] [ LOG ] INIT File
[ sql ] [ DB ] CONNECT:[ UseTime:0.000425s ] mysql:host=127.0.0.1;dbname=skyuse_oa;charset=utf8
[ sql ] [ SQL ] SHOW COLUMNS FROM `oa_user` [ RunTime:0.001426s ]
[ sql ] [ SQL ] SELECT * FROM `oa_user` WHERE  `user_id` = 1 LIMIT 1 [ RunTime:0.000326s ]
[ sql ] [ SQL ] SELECT COUNT(*) AS tp_count FROM `oa_user` LIMIT 1 [ RunTime:0.000286s ]
[ sql ] [ SQL ] SELECT * FROM `oa_user` LIMIT 0,15 [ RunTime:0.000257s ]
---------------------------------------------------------------
[ 2018-04-20T17:03:10+08:00 ] 119.130.71.104 GET /static/admin/fonts/fontawesome-webfont.woff2?v=4.3.0
[ info ] oa.chinaiart.com/static/admin/fonts/fontawesome-webfont.woff2?v=4.3.0 [运行时间：0.002275s][吞吐率：439.56req/s] [内存消耗：223.30kb] [文件加载：44]
[ info ] [ LANG ] /var/www/chinaiart_oa/thinkphp/lang/zh-cn.php
[ info ] [ BIND ] 'admin'
[ info ] [ ROUTE ] array (
  'type' => 'module',
  'module' => 
  array (
    0 => 'admin',
    1 => 'static',
    2 => 'admin',
  ),
)
[ info ] [ HEADER ] array (
  'host' => 'oa.chinaiart.com',
  'connection' => 'keep-alive',
  'origin' => 'http://oa.chinaiart.com',
  'user-agent' => 'Mozilla/5.0 (X11; Linux x86_64) AppleWebKit/537.36 (KHTML, like Gecko) Chrome/63.0.3239.132 Safari/537.36',
  'accept' => '*/*',
  'referer' => 'http://oa.chinaiart.com/static/admin/style/font-awesome.css',
  'accept-encoding' => 'gzip, deflate',
  'accept-language' => 'en-GB,en-US;q=0.9,en;q=0.8',
  'cookie' => 'pgv_pvi=8764176384; Hm_lvt_7413c094baab781525d3d001465f0fbb=1523517872,1523949891; PHPSESSID=311ffafd31a3270953767622fe336909',
)
[ info ] [ PARAM ] array (
  'v' => '4.3.0',
  'fonts' => 'fontawesome-webfont.woff2',
)
[ info ] [ LOG ] INIT File
---------------------------------------------------------------
[ 2018-04-20T17:03:13+08:00 ] 119.130.71.104 GET /index.php/role/list.html
[ info ] oa.chinaiart.com/index.php/role/list.html [运行时间：0.008019s][吞吐率：124.70req/s] [内存消耗：504.84kb] [文件加载：62]
[ info ] [ LANG ] /var/www/chinaiart_oa/thinkphp/lang/zh-cn.php
[ info ] [ BIND ] 'admin'
[ info ] [ ROUTE ] array (
  'type' => 'module',
  'module' => 
  array (
    0 => 'admin',
    1 => 'role',
    2 => 'list',
  ),
)
[ info ] [ HEADER ] array (
  'host' => 'oa.chinaiart.com',
  'connection' => 'keep-alive',
  'upgrade-insecure-requests' => '1',
  'user-agent' => 'Mozilla/5.0 (X11; Linux x86_64) AppleWebKit/537.36 (KHTML, like Gecko) Chrome/63.0.3239.132 Safari/537.36',
  'accept' => 'text/html,application/xhtml+xml,application/xml;q=0.9,image/webp,image/apng,*/*;q=0.8',
  'referer' => 'http://oa.chinaiart.com/index.php/user/list.html',
  'accept-encoding' => 'gzip, deflate',
  'accept-language' => 'en-GB,en-US;q=0.9,en;q=0.8',
  'cookie' => 'pgv_pvi=8764176384; Hm_lvt_7413c094baab781525d3d001465f0fbb=1523517872,1523949891; PHPSESSID=311ffafd31a3270953767622fe336909',
)
[ info ] [ PARAM ] array (
)
[ info ] [ DB ] INIT mysql
[ info ] [ SESSION ] INIT array (
  'id' => '',
  'var_session_id' => '',
  'prefix' => 'think',
  'type' => '',
  'auto_start' => true,
)
[ info ] [ RUN ] app\admin\controller\Role->list[ /var/www/chinaiart_oa/application/admin/controller/Role.php ]
[ info ] [ VIEW ] /var/www/chinaiart_oa/public/../application/admin/view/role/list.html [ array (
  0 => 'list',
) ]
[ info ] [ LOG ] INIT File
[ sql ] [ DB ] CONNECT:[ UseTime:0.000406s ] mysql:host=127.0.0.1;dbname=skyuse_oa;charset=utf8
[ sql ] [ SQL ] SHOW COLUMNS FROM `oa_user` [ RunTime:0.001472s ]
[ sql ] [ SQL ] SELECT * FROM `oa_user` WHERE  `user_id` = 1 LIMIT 1 [ RunTime:0.000335s ]
[ sql ] [ SQL ] SHOW COLUMNS FROM `oa_role` [ RunTime:0.000737s ]
[ sql ] [ SQL ] SELECT COUNT(*) AS tp_count FROM `oa_role` LIMIT 1 [ RunTime:0.000251s ]
[ sql ] [ SQL ] SELECT * FROM `oa_role` LIMIT 0,15 [ RunTime:0.000289s ]
---------------------------------------------------------------
[ 2018-04-20T17:03:13+08:00 ] 119.130.71.104 GET /static/admin/fonts/fontawesome-webfont.woff2?v=4.3.0
[ info ] oa.chinaiart.com/static/admin/fonts/fontawesome-webfont.woff2?v=4.3.0 [运行时间：0.002070s][吞吐率：483.10req/s] [内存消耗：223.30kb] [文件加载：44]
[ info ] [ LANG ] /var/www/chinaiart_oa/thinkphp/lang/zh-cn.php
[ info ] [ BIND ] 'admin'
[ info ] [ ROUTE ] array (
  'type' => 'module',
  'module' => 
  array (
    0 => 'admin',
    1 => 'static',
    2 => 'admin',
  ),
)
[ info ] [ HEADER ] array (
  'host' => 'oa.chinaiart.com',
  'connection' => 'keep-alive',
  'origin' => 'http://oa.chinaiart.com',
  'user-agent' => 'Mozilla/5.0 (X11; Linux x86_64) AppleWebKit/537.36 (KHTML, like Gecko) Chrome/63.0.3239.132 Safari/537.36',
  'accept' => '*/*',
  'referer' => 'http://oa.chinaiart.com/static/admin/style/font-awesome.css',
  'accept-encoding' => 'gzip, deflate',
  'accept-language' => 'en-GB,en-US;q=0.9,en;q=0.8',
  'cookie' => 'pgv_pvi=8764176384; Hm_lvt_7413c094baab781525d3d001465f0fbb=1523517872,1523949891; PHPSESSID=311ffafd31a3270953767622fe336909',
)
[ info ] [ PARAM ] array (
  'v' => '4.3.0',
  'fonts' => 'fontawesome-webfont.woff2',
)
[ info ] [ LOG ] INIT File
---------------------------------------------------------------
[ 2018-04-20T17:03:15+08:00 ] 119.130.71.104 GET /index.php/authority/list.html
[ info ] oa.chinaiart.com/index.php/authority/list.html [运行时间：0.013405s][吞吐率：74.60req/s] [内存消耗：528.83kb] [文件加载：62]
[ info ] [ LANG ] /var/www/chinaiart_oa/thinkphp/lang/zh-cn.php
[ info ] [ BIND ] 'admin'
[ info ] [ ROUTE ] array (
  'type' => 'module',
  'module' => 
  array (
    0 => 'admin',
    1 => 'authority',
    2 => 'list',
  ),
)
[ info ] [ HEADER ] array (
  'host' => 'oa.chinaiart.com',
  'connection' => 'keep-alive',
  'upgrade-insecure-requests' => '1',
  'user-agent' => 'Mozilla/5.0 (X11; Linux x86_64) AppleWebKit/537.36 (KHTML, like Gecko) Chrome/63.0.3239.132 Safari/537.36',
  'accept' => 'text/html,application/xhtml+xml,application/xml;q=0.9,image/webp,image/apng,*/*;q=0.8',
  'referer' => 'http://oa.chinaiart.com/index.php/role/list.html',
  'accept-encoding' => 'gzip, deflate',
  'accept-language' => 'en-GB,en-US;q=0.9,en;q=0.8',
  'cookie' => 'pgv_pvi=8764176384; Hm_lvt_7413c094baab781525d3d001465f0fbb=1523517872,1523949891; PHPSESSID=311ffafd31a3270953767622fe336909',
)
[ info ] [ PARAM ] array (
)
[ info ] [ DB ] INIT mysql
[ info ] [ SESSION ] INIT array (
  'id' => '',
  'var_session_id' => '',
  'prefix' => 'think',
  'type' => '',
  'auto_start' => true,
)
[ info ] [ RUN ] app\admin\controller\Authority->list[ /var/www/chinaiart_oa/application/admin/controller/Authority.php ]
[ info ] [ VIEW ] /var/www/chinaiart_oa/public/../application/admin/view/authority/list.html [ array (
  0 => 'list',
) ]
[ info ] [ LOG ] INIT File
[ sql ] [ DB ] CONNECT:[ UseTime:0.001952s ] mysql:host=127.0.0.1;dbname=skyuse_oa;charset=utf8
[ sql ] [ SQL ] SHOW COLUMNS FROM `oa_user` [ RunTime:0.001387s ]
[ sql ] [ SQL ] SELECT * FROM `oa_user` WHERE  `user_id` = 1 LIMIT 1 [ RunTime:0.000362s ]
[ sql ] [ SQL ] SHOW COLUMNS FROM `oa_authority` [ RunTime:0.000698s ]
[ sql ] [ SQL ] SELECT COUNT(*) AS tp_count FROM `oa_authority` LIMIT 1 [ RunTime:0.000224s ]
[ sql ] [ SQL ] SELECT * FROM `oa_authority` LIMIT 0,15 [ RunTime:0.000241s ]
---------------------------------------------------------------
[ 2018-04-20T17:03:15+08:00 ] 119.130.71.104 GET /static/admin/fonts/fontawesome-webfont.woff2?v=4.3.0
[ info ] oa.chinaiart.com/static/admin/fonts/fontawesome-webfont.woff2?v=4.3.0 [运行时间：0.002378s][吞吐率：420.52req/s] [内存消耗：223.30kb] [文件加载：44]
[ info ] [ LANG ] /var/www/chinaiart_oa/thinkphp/lang/zh-cn.php
[ info ] [ BIND ] 'admin'
[ info ] [ ROUTE ] array (
  'type' => 'module',
  'module' => 
  array (
    0 => 'admin',
    1 => 'static',
    2 => 'admin',
  ),
)
[ info ] [ HEADER ] array (
  'host' => 'oa.chinaiart.com',
  'connection' => 'keep-alive',
  'origin' => 'http://oa.chinaiart.com',
  'user-agent' => 'Mozilla/5.0 (X11; Linux x86_64) AppleWebKit/537.36 (KHTML, like Gecko) Chrome/63.0.3239.132 Safari/537.36',
  'accept' => '*/*',
  'referer' => 'http://oa.chinaiart.com/static/admin/style/font-awesome.css',
  'accept-encoding' => 'gzip, deflate',
  'accept-language' => 'en-GB,en-US;q=0.9,en;q=0.8',
  'cookie' => 'pgv_pvi=8764176384; Hm_lvt_7413c094baab781525d3d001465f0fbb=1523517872,1523949891; PHPSESSID=311ffafd31a3270953767622fe336909',
)
[ info ] [ PARAM ] array (
  'v' => '4.3.0',
  'fonts' => 'fontawesome-webfont.woff2',
)
[ info ] [ LOG ] INIT File
---------------------------------------------------------------
[ 2018-04-20T17:03:19+08:00 ] 119.130.71.104 GET /index.php/rule/list.html
[ info ] oa.chinaiart.com/index.php/rule/list.html [运行时间：0.007437s][吞吐率：134.46req/s] [内存消耗：498.34kb] [文件加载：62]
[ info ] [ LANG ] /var/www/chinaiart_oa/thinkphp/lang/zh-cn.php
[ info ] [ BIND ] 'admin'
[ info ] [ ROUTE ] array (
  'type' => 'module',
  'module' => 
  array (
    0 => 'admin',
    1 => 'rule',
    2 => 'list',
  ),
)
[ info ] [ HEADER ] array (
  'host' => 'oa.chinaiart.com',
  'connection' => 'keep-alive',
  'upgrade-insecure-requests' => '1',
  'user-agent' => 'Mozilla/5.0 (X11; Linux x86_64) AppleWebKit/537.36 (KHTML, like Gecko) Chrome/63.0.3239.132 Safari/537.36',
  'accept' => 'text/html,application/xhtml+xml,application/xml;q=0.9,image/webp,image/apng,*/*;q=0.8',
  'referer' => 'http://oa.chinaiart.com/index.php/authority/list.html',
  'accept-encoding' => 'gzip, deflate',
  'accept-language' => 'en-GB,en-US;q=0.9,en;q=0.8',
  'cookie' => 'pgv_pvi=8764176384; Hm_lvt_7413c094baab781525d3d001465f0fbb=1523517872,1523949891; PHPSESSID=311ffafd31a3270953767622fe336909',
)
[ info ] [ PARAM ] array (
)
[ info ] [ DB ] INIT mysql
[ info ] [ SESSION ] INIT array (
  'id' => '',
  'var_session_id' => '',
  'prefix' => 'think',
  'type' => '',
  'auto_start' => true,
)
[ info ] [ RUN ] app\admin\controller\Rule->list[ /var/www/chinaiart_oa/application/admin/controller/Rule.php ]
[ info ] [ VIEW ] /var/www/chinaiart_oa/public/../application/admin/view/rule/list.html [ array (
  0 => 'list',
) ]
[ info ] [ LOG ] INIT File
[ sql ] [ DB ] CONNECT:[ UseTime:0.000413s ] mysql:host=127.0.0.1;dbname=skyuse_oa;charset=utf8
[ sql ] [ SQL ] SHOW COLUMNS FROM `oa_user` [ RunTime:0.000802s ]
[ sql ] [ SQL ] SELECT * FROM `oa_user` WHERE  `user_id` = 1 LIMIT 1 [ RunTime:0.000293s ]
[ sql ] [ SQL ] SHOW COLUMNS FROM `oa_rule` [ RunTime:0.000627s ]
[ sql ] [ SQL ] SELECT COUNT(*) AS tp_count FROM `oa_rule` LIMIT 1 [ RunTime:0.000229s ]
[ sql ] [ SQL ] SELECT * FROM `oa_rule` LIMIT 0,15 [ RunTime:0.000226s ]
---------------------------------------------------------------
[ 2018-04-20T17:03:19+08:00 ] 119.130.71.104 GET /static/admin/fonts/fontawesome-webfont.woff2?v=4.3.0
[ info ] oa.chinaiart.com/static/admin/fonts/fontawesome-webfont.woff2?v=4.3.0 [运行时间：0.002104s][吞吐率：475.33req/s] [内存消耗：223.30kb] [文件加载：44]
[ info ] [ LANG ] /var/www/chinaiart_oa/thinkphp/lang/zh-cn.php
[ info ] [ BIND ] 'admin'
[ info ] [ ROUTE ] array (
  'type' => 'module',
  'module' => 
  array (
    0 => 'admin',
    1 => 'static',
    2 => 'admin',
  ),
)
[ info ] [ HEADER ] array (
  'host' => 'oa.chinaiart.com',
  'connection' => 'keep-alive',
  'origin' => 'http://oa.chinaiart.com',
  'user-agent' => 'Mozilla/5.0 (X11; Linux x86_64) AppleWebKit/537.36 (KHTML, like Gecko) Chrome/63.0.3239.132 Safari/537.36',
  'accept' => '*/*',
  'referer' => 'http://oa.chinaiart.com/static/admin/style/font-awesome.css',
  'accept-encoding' => 'gzip, deflate',
  'accept-language' => 'en-GB,en-US;q=0.9,en;q=0.8',
  'cookie' => 'pgv_pvi=8764176384; Hm_lvt_7413c094baab781525d3d001465f0fbb=1523517872,1523949891; PHPSESSID=311ffafd31a3270953767622fe336909',
)
[ info ] [ PARAM ] array (
  'v' => '4.3.0',
  'fonts' => 'fontawesome-webfont.woff2',
)
[ info ] [ LOG ] INIT File
---------------------------------------------------------------
[ 2018-04-20T17:03:22+08:00 ] 119.130.71.104 GET /index.php/rule/list.html
[ info ] oa.chinaiart.com/index.php/rule/list.html [运行时间：0.006330s][吞吐率：157.98req/s] [内存消耗：497.10kb] [文件加载：62]
[ info ] [ LANG ] /var/www/chinaiart_oa/thinkphp/lang/zh-cn.php
[ info ] [ BIND ] 'admin'
[ info ] [ ROUTE ] array (
  'type' => 'module',
  'module' => 
  array (
    0 => 'admin',
    1 => 'rule',
    2 => 'list',
  ),
)
[ info ] [ HEADER ] array (
  'host' => 'oa.chinaiart.com',
  'connection' => 'keep-alive',
  'upgrade-insecure-requests' => '1',
  'user-agent' => 'Mozilla/5.0 (X11; Linux x86_64) AppleWebKit/537.36 (KHTML, like Gecko) Chrome/63.0.3239.132 Safari/537.36',
  'accept' => 'text/html,application/xhtml+xml,application/xml;q=0.9,image/webp,image/apng,*/*;q=0.8',
  'referer' => 'http://oa.chinaiart.com/index.php/rule/list.html',
  'accept-encoding' => 'gzip, deflate',
  'accept-language' => 'en-GB,en-US;q=0.9,en;q=0.8',
  'cookie' => 'thinkphp_show_page_trace=0|0; pgv_pvi=8764176384; Hm_lvt_7413c094baab781525d3d001465f0fbb=1523517872,1523949891; PHPSESSID=311ffafd31a3270953767622fe336909',
)
[ info ] [ PARAM ] array (
)
[ info ] [ DB ] INIT mysql
[ info ] [ SESSION ] INIT array (
  'id' => '',
  'var_session_id' => '',
  'prefix' => 'think',
  'type' => '',
  'auto_start' => true,
)
[ info ] [ RUN ] app\admin\controller\Rule->list[ /var/www/chinaiart_oa/application/admin/controller/Rule.php ]
[ info ] [ VIEW ] /var/www/chinaiart_oa/public/../application/admin/view/rule/list.html [ array (
  0 => 'list',
) ]
[ info ] [ LOG ] INIT File
[ sql ] [ DB ] CONNECT:[ UseTime:0.000429s ] mysql:host=127.0.0.1;dbname=skyuse_oa;charset=utf8
[ sql ] [ SQL ] SHOW COLUMNS FROM `oa_user` [ RunTime:0.000771s ]
[ sql ] [ SQL ] SELECT * FROM `oa_user` WHERE  `user_id` = 1 LIMIT 1 [ RunTime:0.000295s ]
[ sql ] [ SQL ] SHOW COLUMNS FROM `oa_rule` [ RunTime:0.000597s ]
[ sql ] [ SQL ] SELECT COUNT(*) AS tp_count FROM `oa_rule` LIMIT 1 [ RunTime:0.000245s ]
[ sql ] [ SQL ] SELECT * FROM `oa_rule` LIMIT 0,15 [ RunTime:0.000228s ]
---------------------------------------------------------------
[ 2018-04-20T17:03:22+08:00 ] 119.130.71.104 GET /static/admin/fonts/fontawesome-webfont.woff2?v=4.3.0
[ info ] oa.chinaiart.com/static/admin/fonts/fontawesome-webfont.woff2?v=4.3.0 [运行时间：0.001956s][吞吐率：511.25req/s] [内存消耗：223.30kb] [文件加载：44]
[ info ] [ LANG ] /var/www/chinaiart_oa/thinkphp/lang/zh-cn.php
[ info ] [ BIND ] 'admin'
[ info ] [ ROUTE ] array (
  'type' => 'module',
  'module' => 
  array (
    0 => 'admin',
    1 => 'static',
    2 => 'admin',
  ),
)
[ info ] [ HEADER ] array (
  'host' => 'oa.chinaiart.com',
  'connection' => 'keep-alive',
  'origin' => 'http://oa.chinaiart.com',
  'user-agent' => 'Mozilla/5.0 (X11; Linux x86_64) AppleWebKit/537.36 (KHTML, like Gecko) Chrome/63.0.3239.132 Safari/537.36',
  'accept' => '*/*',
  'referer' => 'http://oa.chinaiart.com/static/admin/style/font-awesome.css',
  'accept-encoding' => 'gzip, deflate',
  'accept-language' => 'en-GB,en-US;q=0.9,en;q=0.8',
  'cookie' => 'pgv_pvi=8764176384; Hm_lvt_7413c094baab781525d3d001465f0fbb=1523517872,1523949891; PHPSESSID=311ffafd31a3270953767622fe336909',
)
[ info ] [ PARAM ] array (
  'v' => '4.3.0',
  'fonts' => 'fontawesome-webfont.woff2',
)
[ info ] [ LOG ] INIT File
---------------------------------------------------------------
[ 2018-04-20T17:03:33+08:00 ] 119.130.71.104 GET /index.php/login/logout.html
[ info ] oa.chinaiart.com/index.php/login/logout.html [运行时间：0.004517s][吞吐率：221.38req/s] [内存消耗：373.48kb] [文件加载：51]
[ info ] [ LANG ] /var/www/chinaiart_oa/thinkphp/lang/zh-cn.php
[ info ] [ BIND ] 'admin'
[ info ] [ ROUTE ] array (
  'type' => 'module',
  'module' => 
  array (
    0 => 'admin',
    1 => 'login',
    2 => 'logout',
  ),
)
[ info ] [ HEADER ] array (
  'host' => 'oa.chinaiart.com',
  'connection' => 'keep-alive',
  'upgrade-insecure-requests' => '1',
  'user-agent' => 'Mozilla/5.0 (X11; Linux x86_64) AppleWebKit/537.36 (KHTML, like Gecko) Chrome/63.0.3239.132 Safari/537.36',
  'accept' => 'text/html,application/xhtml+xml,application/xml;q=0.9,image/webp,image/apng,*/*;q=0.8',
  'referer' => 'http://oa.chinaiart.com/index.php/rule/list.html',
  'accept-encoding' => 'gzip, deflate',
  'accept-language' => 'en-GB,en-US;q=0.9,en;q=0.8',
  'cookie' => 'pgv_pvi=8764176384; Hm_lvt_7413c094baab781525d3d001465f0fbb=1523517872,1523949891; PHPSESSID=311ffafd31a3270953767622fe336909',
)
[ info ] [ PARAM ] array (
)
[ info ] [ DB ] INIT mysql
[ info ] [ RUN ] app\admin\controller\Login->logout[ /var/www/chinaiart_oa/application/admin/controller/Login.php ]
[ info ] [ SESSION ] INIT array (
  'id' => '',
  'var_session_id' => '',
  'prefix' => 'think',
  'type' => '',
  'auto_start' => true,
)
[ info ] [ LOG ] INIT File
---------------------------------------------------------------
[ 2018-04-20T17:03:35+08:00 ] 119.130.71.104 GET /index.php/login/login
[ info ] oa.chinaiart.com/index.php/login/login [运行时间：0.002235s][吞吐率：447.44req/s] [内存消耗：390.74kb] [文件加载：56]
[ info ] [ LANG ] /var/www/chinaiart_oa/thinkphp/lang/zh-cn.php
[ info ] [ BIND ] 'admin'
[ info ] [ ROUTE ] array (
  'type' => 'module',
  'module' => 
  array (
    0 => 'admin',
    1 => 'login',
    2 => 'login',
  ),
)
[ info ] [ HEADER ] array (
  'host' => 'oa.chinaiart.com',
  'connection' => 'keep-alive',
  'upgrade-insecure-requests' => '1',
  'user-agent' => 'Mozilla/5.0 (X11; Linux x86_64) AppleWebKit/537.36 (KHTML, like Gecko) Chrome/63.0.3239.132 Safari/537.36',
  'accept' => 'text/html,application/xhtml+xml,application/xml;q=0.9,image/webp,image/apng,*/*;q=0.8',
  'referer' => 'http://oa.chinaiart.com/index.php/login/logout.html',
  'accept-encoding' => 'gzip, deflate',
  'accept-language' => 'en-GB,en-US;q=0.9,en;q=0.8',
  'cookie' => 'pgv_pvi=8764176384; Hm_lvt_7413c094baab781525d3d001465f0fbb=1523517872,1523949891; PHPSESSID=311ffafd31a3270953767622fe336909',
)
[ info ] [ PARAM ] array (
)
[ info ] [ DB ] INIT mysql
[ info ] [ RUN ] app\admin\controller\Login->login[ /var/www/chinaiart_oa/application/admin/controller/Login.php ]
[ info ] [ VIEW ] /var/www/chinaiart_oa/public/../application/admin/view/login/login.html [ array (
) ]
[ info ] [ LOG ] INIT File
---------------------------------------------------------------
[ 2018-04-20T17:03:45+08:00 ] 119.130.71.104 POST /index.php/login/login
[ info ] oa.chinaiart.com/index.php/login/login [运行时间：0.009455s][吞吐率：105.76req/s] [内存消耗：385.48kb] [文件加载：52]
[ info ] [ LANG ] /var/www/chinaiart_oa/thinkphp/lang/zh-cn.php
[ info ] [ BIND ] 'admin'
[ info ] [ ROUTE ] array (
  'type' => 'module',
  'module' => 
  array (
    0 => 'admin',
    1 => 'login',
    2 => 'login',
  ),
)
[ info ] [ HEADER ] array (
  'host' => 'oa.chinaiart.com',
  'connection' => 'keep-alive',
  'content-length' => '43',
  'cache-control' => 'max-age=0',
  'origin' => 'http://oa.chinaiart.com',
  'upgrade-insecure-requests' => '1',
  'content-type' => 'application/x-www-form-urlencoded',
  'user-agent' => 'Mozilla/5.0 (X11; Linux x86_64) AppleWebKit/537.36 (KHTML, like Gecko) Chrome/63.0.3239.132 Safari/537.36',
  'accept' => 'text/html,application/xhtml+xml,application/xml;q=0.9,image/webp,image/apng,*/*;q=0.8',
  'referer' => 'http://oa.chinaiart.com/index.php/login/login',
  'accept-encoding' => 'gzip, deflate',
  'accept-language' => 'en-GB,en-US;q=0.9,en;q=0.8',
  'cookie' => 'thinkphp_show_page_trace=0|0; pgv_pvi=8764176384; Hm_lvt_7413c094baab781525d3d001465f0fbb=1523517872,1523949891; PHPSESSID=311ffafd31a3270953767622fe336909',
)
[ info ] [ PARAM ] array (
  'username' => '罗穗',
  'password' => 'skyuse',
)
[ info ] [ DB ] INIT mysql
[ info ] [ RUN ] app\admin\controller\Login->login[ /var/www/chinaiart_oa/application/admin/controller/Login.php ]
[ info ] [ SESSION ] INIT array (
  'id' => '',
  'var_session_id' => '',
  'prefix' => 'think',
  'type' => '',
  'auto_start' => true,
)
[ info ] [ LOG ] INIT File
[ sql ] [ DB ] CONNECT:[ UseTime:0.002044s ] mysql:host=127.0.0.1;dbname=skyuse_oa;charset=utf8
[ sql ] [ SQL ] SHOW COLUMNS FROM `oa_user` [ RunTime:0.000896s ]
[ sql ] [ SQL ] SELECT * FROM `oa_user` WHERE  `user_username` = '罗穗' LIMIT 1 [ RunTime:0.000479s ]
[ sql ] [ SQL ] SELECT * FROM `oa_user` WHERE  `user_username` = '罗穗'  AND `user_password` = 'd4f1a36cf45ef3714a2c4c362f1a616c' LIMIT 1 [ RunTime:0.000406s ]
---------------------------------------------------------------
[ 2018-04-20T17:03:46+08:00 ] 119.130.71.104 GET /index.php/index/index
[ info ] oa.chinaiart.com/index.php/index/index [运行时间：0.009890s][吞吐率：101.11req/s] [内存消耗：530.09kb] [文件加载：61]
[ info ] [ LANG ] /var/www/chinaiart_oa/thinkphp/lang/zh-cn.php
[ info ] [ BIND ] 'admin'
[ info ] [ ROUTE ] array (
  'type' => 'module',
  'module' => 
  array (
    0 => 'admin',
    1 => 'index',
    2 => 'index',
  ),
)
[ info ] [ HEADER ] array (
  'host' => 'oa.chinaiart.com',
  'connection' => 'keep-alive',
  'upgrade-insecure-requests' => '1',
  'user-agent' => 'Mozilla/5.0 (X11; Linux x86_64) AppleWebKit/537.36 (KHTML, like Gecko) Chrome/63.0.3239.132 Safari/537.36',
  'accept' => 'text/html,application/xhtml+xml,application/xml;q=0.9,image/webp,image/apng,*/*;q=0.8',
  'referer' => 'http://oa.chinaiart.com/index.php/login/login',
  'accept-encoding' => 'gzip, deflate',
  'accept-language' => 'en-GB,en-US;q=0.9,en;q=0.8',
  'cookie' => 'thinkphp_show_page_trace=0|0; pgv_pvi=8764176384; Hm_lvt_7413c094baab781525d3d001465f0fbb=1523517872,1523949891; PHPSESSID=311ffafd31a3270953767622fe336909',
)
[ info ] [ PARAM ] array (
)
[ info ] [ SESSION ] INIT array (
  'id' => '',
  'var_session_id' => '',
  'prefix' => 'think',
  'type' => '',
  'auto_start' => true,
)
[ info ] [ DB ] INIT mysql
[ info ] [ RUN ] app\admin\controller\Index->index[ /var/www/chinaiart_oa/application/admin/controller/Index.php ]
[ info ] [ VIEW ] /var/www/chinaiart_oa/public/../application/admin/view/index/index.html [ array (
) ]
[ info ] [ LOG ] INIT File
[ sql ] [ DB ] CONNECT:[ UseTime:0.000401s ] mysql:host=127.0.0.1;dbname=skyuse_oa;charset=utf8
[ sql ] [ SQL ] SHOW COLUMNS FROM `oa_user` [ RunTime:0.000790s ]
[ sql ] [ SQL ] SELECT * FROM `oa_user` WHERE  `user_id` = 2 LIMIT 1 [ RunTime:0.000413s ]
[ sql ] [ SQL ] SHOW COLUMNS FROM `oa_user_role` [ RunTime:0.000589s ]
[ sql ] [ SQL ] SELECT * FROM `oa_user_role` WHERE  `user_id` = 2 [ RunTime:0.000313s ]
[ sql ] [ SQL ] SHOW COLUMNS FROM `oa_role_authority` [ RunTime:0.001175s ]
[ sql ] [ SQL ] SELECT * FROM `oa_role_authority` WHERE  `role_id` = 1 [ RunTime:0.000305s ]
[ sql ] [ SQL ] SHOW COLUMNS FROM `oa_authority` [ RunTime:0.000613s ]
[ sql ] [ SQL ] SELECT * FROM `oa_authority` WHERE  `authority_id` = 1 [ RunTime:0.000307s ]
[ sql ] [ SQL ] SELECT * FROM `oa_authority` WHERE  `authority_id` = 6 [ RunTime:0.000299s ]
[ sql ] [ SQL ] SELECT * FROM `oa_authority` WHERE  `authority_id` = 7 [ RunTime:0.000302s ]
[ sql ] [ SQL ] SELECT * FROM `oa_authority` WHERE  `authority_id` = 9 [ RunTime:0.000315s ]
---------------------------------------------------------------
[ 2018-04-20T17:03:46+08:00 ] 119.130.71.104 GET /static/admin/fonts/fontawesome-webfont.woff2?v=4.3.0
[ info ] oa.chinaiart.com/static/admin/fonts/fontawesome-webfont.woff2?v=4.3.0 [运行时间：0.002285s][吞吐率：437.64req/s] [内存消耗：223.30kb] [文件加载：44]
[ info ] [ LANG ] /var/www/chinaiart_oa/thinkphp/lang/zh-cn.php
[ info ] [ BIND ] 'admin'
[ info ] [ ROUTE ] array (
  'type' => 'module',
  'module' => 
  array (
    0 => 'admin',
    1 => 'static',
    2 => 'admin',
  ),
)
[ info ] [ HEADER ] array (
  'host' => 'oa.chinaiart.com',
  'connection' => 'keep-alive',
  'origin' => 'http://oa.chinaiart.com',
  'user-agent' => 'Mozilla/5.0 (X11; Linux x86_64) AppleWebKit/537.36 (KHTML, like Gecko) Chrome/63.0.3239.132 Safari/537.36',
  'accept' => '*/*',
  'referer' => 'http://oa.chinaiart.com/static/admin/style/font-awesome.css',
  'accept-encoding' => 'gzip, deflate',
  'accept-language' => 'en-GB,en-US;q=0.9,en;q=0.8',
  'cookie' => 'pgv_pvi=8764176384; Hm_lvt_7413c094baab781525d3d001465f0fbb=1523517872,1523949891; PHPSESSID=311ffafd31a3270953767622fe336909',
)
[ info ] [ PARAM ] array (
  'v' => '4.3.0',
  'fonts' => 'fontawesome-webfont.woff2',
)
[ info ] [ LOG ] INIT File
---------------------------------------------------------------
[ 2018-04-20T17:03:49+08:00 ] 119.130.71.104 GET /index.php/user/list.html
[ info ] oa.chinaiart.com/index.php/user/list.html [运行时间：0.010000s][吞吐率：100.00req/s] [内存消耗：509.33kb] [文件加载：60]
[ info ] [ LANG ] /var/www/chinaiart_oa/thinkphp/lang/zh-cn.php
[ info ] [ BIND ] 'admin'
[ info ] [ ROUTE ] array (
  'type' => 'module',
  'module' => 
  array (
    0 => 'admin',
    1 => 'user',
    2 => 'list',
  ),
)
[ info ] [ HEADER ] array (
  'host' => 'oa.chinaiart.com',
  'connection' => 'keep-alive',
  'upgrade-insecure-requests' => '1',
  'user-agent' => 'Mozilla/5.0 (X11; Linux x86_64) AppleWebKit/537.36 (KHTML, like Gecko) Chrome/63.0.3239.132 Safari/537.36',
  'accept' => 'text/html,application/xhtml+xml,application/xml;q=0.9,image/webp,image/apng,*/*;q=0.8',
  'referer' => 'http://oa.chinaiart.com/index.php/index/index',
  'accept-encoding' => 'gzip, deflate',
  'accept-language' => 'en-GB,en-US;q=0.9,en;q=0.8',
  'cookie' => 'thinkphp_show_page_trace=0|0; pgv_pvi=8764176384; Hm_lvt_7413c094baab781525d3d001465f0fbb=1523517872,1523949891; PHPSESSID=311ffafd31a3270953767622fe336909',
)
[ info ] [ PARAM ] array (
)
[ info ] [ DB ] INIT mysql
[ info ] [ SESSION ] INIT array (
  'id' => '',
  'var_session_id' => '',
  'prefix' => 'think',
  'type' => '',
  'auto_start' => true,
)
[ info ] [ LOG ] INIT File
[ sql ] [ DB ] CONNECT:[ UseTime:0.001730s ] mysql:host=127.0.0.1;dbname=skyuse_oa;charset=utf8
[ sql ] [ SQL ] SHOW COLUMNS FROM `oa_user` [ RunTime:0.000759s ]
[ sql ] [ SQL ] SELECT * FROM `oa_user` WHERE  `user_id` = 2 LIMIT 1 [ RunTime:0.000289s ]
[ sql ] [ SQL ] SHOW COLUMNS FROM `oa_user_role` [ RunTime:0.000679s ]
[ sql ] [ SQL ] SELECT * FROM `oa_user_role` WHERE  `user_id` = 2 [ RunTime:0.000257s ]
[ sql ] [ SQL ] SHOW COLUMNS FROM `oa_role_authority` [ RunTime:0.001209s ]
[ sql ] [ SQL ] SELECT * FROM `oa_role_authority` WHERE  `role_id` = 1 [ RunTime:0.000241s ]
[ sql ] [ SQL ] SHOW COLUMNS FROM `oa_authority` [ RunTime:0.000613s ]
[ sql ] [ SQL ] SELECT * FROM `oa_authority` WHERE  `authority_id` = 1 [ RunTime:0.000246s ]
[ sql ] [ SQL ] SELECT * FROM `oa_authority` WHERE  `authority_id` = 6 [ RunTime:0.000255s ]
[ sql ] [ SQL ] SELECT * FROM `oa_authority` WHERE  `authority_id` = 7 [ RunTime:0.000262s ]
[ sql ] [ SQL ] SELECT * FROM `oa_authority` WHERE  `authority_id` = 9 [ RunTime:0.000242s ]
---------------------------------------------------------------
[ 2018-04-20T17:03:49+08:00 ] 119.130.71.104 GET /index.php/login/noauthority/msg/%E6%82%A8%E6%B2%A1%E6%9C%89%E6%9D%83%E9%99%90%EF%BC%8C%E8%AF%B7%E4%B8%8E%E7%AE%A1%E7%90%86%E5%91%98%E8%81%94%E7%B3%BB%E3%80%82.html
[ info ] oa.chinaiart.com/index.php/login/noauthority/msg/%E6%82%A8%E6%B2%A1%E6%9C%89%E6%9D%83%E9%99%90%EF%BC%8C%E8%AF%B7%E4%B8%8E%E7%AE%A1%E7%90%86%E5%91%98%E8%81%94%E7%B3%BB%E3%80%82.html [运行时间：0.002217s][吞吐率：451.10req/s] [内存消耗：400.54kb] [文件加载：57]
[ info ] [ LANG ] /var/www/chinaiart_oa/thinkphp/lang/zh-cn.php
[ info ] [ BIND ] 'admin'
[ info ] [ ROUTE ] array (
  'type' => 'module',
  'module' => 
  array (
    0 => 'admin',
    1 => 'login',
    2 => 'noauthority',
  ),
)
[ info ] [ HEADER ] array (
  'host' => 'oa.chinaiart.com',
  'connection' => 'keep-alive',
  'upgrade-insecure-requests' => '1',
  'user-agent' => 'Mozilla/5.0 (X11; Linux x86_64) AppleWebKit/537.36 (KHTML, like Gecko) Chrome/63.0.3239.132 Safari/537.36',
  'accept' => 'text/html,application/xhtml+xml,application/xml;q=0.9,image/webp,image/apng,*/*;q=0.8',
  'referer' => 'http://oa.chinaiart.com/index.php/index/index',
  'accept-encoding' => 'gzip, deflate',
  'accept-language' => 'en-GB,en-US;q=0.9,en;q=0.8',
  'cookie' => 'thinkphp_show_page_trace=0|0; pgv_pvi=8764176384; Hm_lvt_7413c094baab781525d3d001465f0fbb=1523517872,1523949891; PHPSESSID=311ffafd31a3270953767622fe336909',
)
[ info ] [ PARAM ] array (
  'msg' => '您没有权限，请与管理员联系。',
)
[ info ] [ DB ] INIT mysql
[ info ] [ RUN ] app\admin\controller\Login->noAuthority[ /var/www/chinaiart_oa/application/admin/controller/Login.php ]
[ info ] [ VIEW ] /var/www/chinaiart_oa/public/../application/admin/view/login/noauthority.html [ array (
  0 => 'msg',
) ]
[ info ] [ SESSION ] INIT array (
  'id' => '',
  'var_session_id' => '',
  'prefix' => 'think',
  'type' => '',
  'auto_start' => true,
)
[ info ] [ LOG ] INIT File
---------------------------------------------------------------
[ 2018-04-20T17:03:49+08:00 ] 119.130.71.104 GET /static/admin/fonts/fontawesome-webfont.woff2?v=4.3.0
[ info ] oa.chinaiart.com/static/admin/fonts/fontawesome-webfont.woff2?v=4.3.0 [运行时间：0.002406s][吞吐率：415.65req/s] [内存消耗：223.30kb] [文件加载：44]
[ info ] [ LANG ] /var/www/chinaiart_oa/thinkphp/lang/zh-cn.php
[ info ] [ BIND ] 'admin'
[ info ] [ ROUTE ] array (
  'type' => 'module',
  'module' => 
  array (
    0 => 'admin',
    1 => 'static',
    2 => 'admin',
  ),
)
[ info ] [ HEADER ] array (
  'host' => 'oa.chinaiart.com',
  'connection' => 'keep-alive',
  'origin' => 'http://oa.chinaiart.com',
  'user-agent' => 'Mozilla/5.0 (X11; Linux x86_64) AppleWebKit/537.36 (KHTML, like Gecko) Chrome/63.0.3239.132 Safari/537.36',
  'accept' => '*/*',
  'referer' => 'http://oa.chinaiart.com/static/admin/style/font-awesome.css',
  'accept-encoding' => 'gzip, deflate',
  'accept-language' => 'en-GB,en-US;q=0.9,en;q=0.8',
  'cookie' => 'pgv_pvi=8764176384; Hm_lvt_7413c094baab781525d3d001465f0fbb=1523517872,1523949891; PHPSESSID=311ffafd31a3270953767622fe336909',
)
[ info ] [ PARAM ] array (
  'v' => '4.3.0',
  'fonts' => 'fontawesome-webfont.woff2',
)
[ info ] [ LOG ] INIT File
---------------------------------------------------------------
[ 2018-04-20T17:03:52+08:00 ] 119.130.71.104 GET /index.php/role/list.html
[ info ] oa.chinaiart.com/index.php/role/list.html [运行时间：0.011383s][吞吐率：87.85req/s] [内存消耗：521.97kb] [文件加载：61]
[ info ] [ LANG ] /var/www/chinaiart_oa/thinkphp/lang/zh-cn.php
[ info ] [ BIND ] 'admin'
[ info ] [ ROUTE ] array (
  'type' => 'module',
  'module' => 
  array (
    0 => 'admin',
    1 => 'role',
    2 => 'list',
  ),
)
[ info ] [ HEADER ] array (
  'host' => 'oa.chinaiart.com',
  'connection' => 'keep-alive',
  'upgrade-insecure-requests' => '1',
  'user-agent' => 'Mozilla/5.0 (X11; Linux x86_64) AppleWebKit/537.36 (KHTML, like Gecko) Chrome/63.0.3239.132 Safari/537.36',
  'accept' => 'text/html,application/xhtml+xml,application/xml;q=0.9,image/webp,image/apng,*/*;q=0.8',
  'referer' => 'http://oa.chinaiart.com/index.php/login/noauthority/msg/%E6%82%A8%E6%B2%A1%E6%9C%89%E6%9D%83%E9%99%90%EF%BC%8C%E8%AF%B7%E4%B8%8E%E7%AE%A1%E7%90%86%E5%91%98%E8%81%94%E7%B3%BB%E3%80%82.html',
  'accept-encoding' => 'gzip, deflate',
  'accept-language' => 'en-GB,en-US;q=0.9,en;q=0.8',
  'cookie' => 'thinkphp_show_page_trace=0|0; pgv_pvi=8764176384; Hm_lvt_7413c094baab781525d3d001465f0fbb=1523517872,1523949891; PHPSESSID=311ffafd31a3270953767622fe336909',
)
[ info ] [ PARAM ] array (
)
[ info ] [ DB ] INIT mysql
[ info ] [ SESSION ] INIT array (
  'id' => '',
  'var_session_id' => '',
  'prefix' => 'think',
  'type' => '',
  'auto_start' => true,
)
[ info ] [ LOG ] INIT File
[ sql ] [ DB ] CONNECT:[ UseTime:0.001978s ] mysql:host=127.0.0.1;dbname=skyuse_oa;charset=utf8
[ sql ] [ SQL ] SHOW COLUMNS FROM `oa_user` [ RunTime:0.000877s ]
[ sql ] [ SQL ] SELECT * FROM `oa_user` WHERE  `user_id` = 2 LIMIT 1 [ RunTime:0.000343s ]
[ sql ] [ SQL ] SHOW COLUMNS FROM `oa_user_role` [ RunTime:0.000685s ]
[ sql ] [ SQL ] SELECT * FROM `oa_user_role` WHERE  `user_id` = 2 [ RunTime:0.000264s ]
[ sql ] [ SQL ] SHOW COLUMNS FROM `oa_role_authority` [ RunTime:0.001187s ]
[ sql ] [ SQL ] SELECT * FROM `oa_role_authority` WHERE  `role_id` = 1 [ RunTime:0.000292s ]
[ sql ] [ SQL ] SHOW COLUMNS FROM `oa_authority` [ RunTime:0.000768s ]
[ sql ] [ SQL ] SELECT * FROM `oa_authority` WHERE  `authority_id` = 1 [ RunTime:0.000335s ]
[ sql ] [ SQL ] SELECT * FROM `oa_authority` WHERE  `authority_id` = 6 [ RunTime:0.000322s ]
[ sql ] [ SQL ] SELECT * FROM `oa_authority` WHERE  `authority_id` = 7 [ RunTime:0.000239s ]
[ sql ] [ SQL ] SELECT * FROM `oa_authority` WHERE  `authority_id` = 9 [ RunTime:0.000251s ]
---------------------------------------------------------------
[ 2018-04-20T17:03:52+08:00 ] 119.130.71.104 GET /index.php/login/noauthority/msg/%E6%82%A8%E6%B2%A1%E6%9C%89%E6%9D%83%E9%99%90%EF%BC%8C%E8%AF%B7%E4%B8%8E%E7%AE%A1%E7%90%86%E5%91%98%E8%81%94%E7%B3%BB%E3%80%82.html
[ info ] oa.chinaiart.com/index.php/login/noauthority/msg/%E6%82%A8%E6%B2%A1%E6%9C%89%E6%9D%83%E9%99%90%EF%BC%8C%E8%AF%B7%E4%B8%8E%E7%AE%A1%E7%90%86%E5%91%98%E8%81%94%E7%B3%BB%E3%80%82.html [运行时间：0.001790s][吞吐率：558.72req/s] [内存消耗：400.93kb] [文件加载：57]
[ info ] [ LANG ] /var/www/chinaiart_oa/thinkphp/lang/zh-cn.php
[ info ] [ BIND ] 'admin'
[ info ] [ ROUTE ] array (
  'type' => 'module',
  'module' => 
  array (
    0 => 'admin',
    1 => 'login',
    2 => 'noauthority',
  ),
)
[ info ] [ HEADER ] array (
  'host' => 'oa.chinaiart.com',
  'connection' => 'keep-alive',
  'upgrade-insecure-requests' => '1',
  'user-agent' => 'Mozilla/5.0 (X11; Linux x86_64) AppleWebKit/537.36 (KHTML, like Gecko) Chrome/63.0.3239.132 Safari/537.36',
  'accept' => 'text/html,application/xhtml+xml,application/xml;q=0.9,image/webp,image/apng,*/*;q=0.8',
  'referer' => 'http://oa.chinaiart.com/index.php/login/noauthority/msg/%E6%82%A8%E6%B2%A1%E6%9C%89%E6%9D%83%E9%99%90%EF%BC%8C%E8%AF%B7%E4%B8%8E%E7%AE%A1%E7%90%86%E5%91%98%E8%81%94%E7%B3%BB%E3%80%82.html',
  'accept-encoding' => 'gzip, deflate',
  'accept-language' => 'en-GB,en-US;q=0.9,en;q=0.8',
  'cookie' => 'thinkphp_show_page_trace=0|0; thinkphp_show_page_trace=0|0; pgv_pvi=8764176384; Hm_lvt_7413c094baab781525d3d001465f0fbb=1523517872,1523949891; PHPSESSID=311ffafd31a3270953767622fe336909',
)
[ info ] [ PARAM ] array (
  'msg' => '您没有权限，请与管理员联系。',
)
[ info ] [ DB ] INIT mysql
[ info ] [ RUN ] app\admin\controller\Login->noAuthority[ /var/www/chinaiart_oa/application/admin/controller/Login.php ]
[ info ] [ VIEW ] /var/www/chinaiart_oa/public/../application/admin/view/login/noauthority.html [ array (
  0 => 'msg',
) ]
[ info ] [ SESSION ] INIT array (
  'id' => '',
  'var_session_id' => '',
  'prefix' => 'think',
  'type' => '',
  'auto_start' => true,
)
[ info ] [ LOG ] INIT File
---------------------------------------------------------------
[ 2018-04-20T17:03:52+08:00 ] 119.130.71.104 GET /static/admin/fonts/fontawesome-webfont.woff2?v=4.3.0
[ info ] oa.chinaiart.com/static/admin/fonts/fontawesome-webfont.woff2?v=4.3.0 [运行时间：0.001522s][吞吐率：657.00req/s] [内存消耗：223.30kb] [文件加载：44]
[ info ] [ LANG ] /var/www/chinaiart_oa/thinkphp/lang/zh-cn.php
[ info ] [ BIND ] 'admin'
[ info ] [ ROUTE ] array (
  'type' => 'module',
  'module' => 
  array (
    0 => 'admin',
    1 => 'static',
    2 => 'admin',
  ),
)
[ info ] [ HEADER ] array (
  'host' => 'oa.chinaiart.com',
  'connection' => 'keep-alive',
  'origin' => 'http://oa.chinaiart.com',
  'user-agent' => 'Mozilla/5.0 (X11; Linux x86_64) AppleWebKit/537.36 (KHTML, like Gecko) Chrome/63.0.3239.132 Safari/537.36',
  'accept' => '*/*',
  'referer' => 'http://oa.chinaiart.com/static/admin/style/font-awesome.css',
  'accept-encoding' => 'gzip, deflate',
  'accept-language' => 'en-GB,en-US;q=0.9,en;q=0.8',
  'cookie' => 'pgv_pvi=8764176384; Hm_lvt_7413c094baab781525d3d001465f0fbb=1523517872,1523949891; PHPSESSID=311ffafd31a3270953767622fe336909',
)
[ info ] [ PARAM ] array (
  'v' => '4.3.0',
  'fonts' => 'fontawesome-webfont.woff2',
)
[ info ] [ LOG ] INIT File
---------------------------------------------------------------
[ 2018-04-20T17:03:53+08:00 ] 119.130.71.104 GET /index.php/authority/list.html
[ info ] oa.chinaiart.com/index.php/authority/list.html [运行时间：0.008305s][吞吐率：120.41req/s] [内存消耗：509.63kb] [文件加载：60]
[ info ] [ LANG ] /var/www/chinaiart_oa/thinkphp/lang/zh-cn.php
[ info ] [ BIND ] 'admin'
[ info ] [ ROUTE ] array (
  'type' => 'module',
  'module' => 
  array (
    0 => 'admin',
    1 => 'authority',
    2 => 'list',
  ),
)
[ info ] [ HEADER ] array (
  'host' => 'oa.chinaiart.com',
  'connection' => 'keep-alive',
  'upgrade-insecure-requests' => '1',
  'user-agent' => 'Mozilla/5.0 (X11; Linux x86_64) AppleWebKit/537.36 (KHTML, like Gecko) Chrome/63.0.3239.132 Safari/537.36',
  'accept' => 'text/html,application/xhtml+xml,application/xml;q=0.9,image/webp,image/apng,*/*;q=0.8',
  'referer' => 'http://oa.chinaiart.com/index.php/login/noauthority/msg/%E6%82%A8%E6%B2%A1%E6%9C%89%E6%9D%83%E9%99%90%EF%BC%8C%E8%AF%B7%E4%B8%8E%E7%AE%A1%E7%90%86%E5%91%98%E8%81%94%E7%B3%BB%E3%80%82.html',
  'accept-encoding' => 'gzip, deflate',
  'accept-language' => 'en-GB,en-US;q=0.9,en;q=0.8',
  'cookie' => 'thinkphp_show_page_trace=0|0; pgv_pvi=8764176384; Hm_lvt_7413c094baab781525d3d001465f0fbb=1523517872,1523949891; PHPSESSID=311ffafd31a3270953767622fe336909',
)
[ info ] [ PARAM ] array (
)
[ info ] [ DB ] INIT mysql
[ info ] [ SESSION ] INIT array (
  'id' => '',
  'var_session_id' => '',
  'prefix' => 'think',
  'type' => '',
  'auto_start' => true,
)
[ info ] [ LOG ] INIT File
[ sql ] [ DB ] CONNECT:[ UseTime:0.000400s ] mysql:host=127.0.0.1;dbname=skyuse_oa;charset=utf8
[ sql ] [ SQL ] SHOW COLUMNS FROM `oa_user` [ RunTime:0.000768s ]
[ sql ] [ SQL ] SELECT * FROM `oa_user` WHERE  `user_id` = 2 LIMIT 1 [ RunTime:0.000298s ]
[ sql ] [ SQL ] SHOW COLUMNS FROM `oa_user_role` [ RunTime:0.000555s ]
[ sql ] [ SQL ] SELECT * FROM `oa_user_role` WHERE  `user_id` = 2 [ RunTime:0.000239s ]
[ sql ] [ SQL ] SHOW COLUMNS FROM `oa_role_authority` [ RunTime:0.001142s ]
[ sql ] [ SQL ] SELECT * FROM `oa_role_authority` WHERE  `role_id` = 1 [ RunTime:0.000241s ]
[ sql ] [ SQL ] SHOW COLUMNS FROM `oa_authority` [ RunTime:0.000606s ]
[ sql ] [ SQL ] SELECT * FROM `oa_authority` WHERE  `authority_id` = 1 [ RunTime:0.000258s ]
[ sql ] [ SQL ] SELECT * FROM `oa_authority` WHERE  `authority_id` = 6 [ RunTime:0.000249s ]
[ sql ] [ SQL ] SELECT * FROM `oa_authority` WHERE  `authority_id` = 7 [ RunTime:0.000241s ]
[ sql ] [ SQL ] SELECT * FROM `oa_authority` WHERE  `authority_id` = 9 [ RunTime:0.000249s ]
---------------------------------------------------------------
[ 2018-04-20T17:03:53+08:00 ] 119.130.71.104 GET /index.php/login/noauthority/msg/%E6%82%A8%E6%B2%A1%E6%9C%89%E6%9D%83%E9%99%90%EF%BC%8C%E8%AF%B7%E4%B8%8E%E7%AE%A1%E7%90%86%E5%91%98%E8%81%94%E7%B3%BB%E3%80%82.html
[ info ] oa.chinaiart.com/index.php/login/noauthority/msg/%E6%82%A8%E6%B2%A1%E6%9C%89%E6%9D%83%E9%99%90%EF%BC%8C%E8%AF%B7%E4%B8%8E%E7%AE%A1%E7%90%86%E5%91%98%E8%81%94%E7%B3%BB%E3%80%82.html [运行时间：0.001840s][吞吐率：543.51req/s] [内存消耗：400.93kb] [文件加载：57]
[ info ] [ LANG ] /var/www/chinaiart_oa/thinkphp/lang/zh-cn.php
[ info ] [ BIND ] 'admin'
[ info ] [ ROUTE ] array (
  'type' => 'module',
  'module' => 
  array (
    0 => 'admin',
    1 => 'login',
    2 => 'noauthority',
  ),
)
[ info ] [ HEADER ] array (
  'host' => 'oa.chinaiart.com',
  'connection' => 'keep-alive',
  'upgrade-insecure-requests' => '1',
  'user-agent' => 'Mozilla/5.0 (X11; Linux x86_64) AppleWebKit/537.36 (KHTML, like Gecko) Chrome/63.0.3239.132 Safari/537.36',
  'accept' => 'text/html,application/xhtml+xml,application/xml;q=0.9,image/webp,image/apng,*/*;q=0.8',
  'referer' => 'http://oa.chinaiart.com/index.php/login/noauthority/msg/%E6%82%A8%E6%B2%A1%E6%9C%89%E6%9D%83%E9%99%90%EF%BC%8C%E8%AF%B7%E4%B8%8E%E7%AE%A1%E7%90%86%E5%91%98%E8%81%94%E7%B3%BB%E3%80%82.html',
  'accept-encoding' => 'gzip, deflate',
  'accept-language' => 'en-GB,en-US;q=0.9,en;q=0.8',
  'cookie' => 'thinkphp_show_page_trace=0|0; thinkphp_show_page_trace=0|0; pgv_pvi=8764176384; Hm_lvt_7413c094baab781525d3d001465f0fbb=1523517872,1523949891; PHPSESSID=311ffafd31a3270953767622fe336909',
)
[ info ] [ PARAM ] array (
  'msg' => '您没有权限，请与管理员联系。',
)
[ info ] [ DB ] INIT mysql
[ info ] [ RUN ] app\admin\controller\Login->noAuthority[ /var/www/chinaiart_oa/application/admin/controller/Login.php ]
[ info ] [ VIEW ] /var/www/chinaiart_oa/public/../application/admin/view/login/noauthority.html [ array (
  0 => 'msg',
) ]
[ info ] [ SESSION ] INIT array (
  'id' => '',
  'var_session_id' => '',
  'prefix' => 'think',
  'type' => '',
  'auto_start' => true,
)
[ info ] [ LOG ] INIT File
---------------------------------------------------------------
[ 2018-04-20T17:03:53+08:00 ] 119.130.71.104 GET /static/admin/fonts/fontawesome-webfont.woff2?v=4.3.0
[ info ] oa.chinaiart.com/static/admin/fonts/fontawesome-webfont.woff2?v=4.3.0 [运行时间：0.002211s][吞吐率：452.31req/s] [内存消耗：223.30kb] [文件加载：44]
[ info ] [ LANG ] /var/www/chinaiart_oa/thinkphp/lang/zh-cn.php
[ info ] [ BIND ] 'admin'
[ info ] [ ROUTE ] array (
  'type' => 'module',
  'module' => 
  array (
    0 => 'admin',
    1 => 'static',
    2 => 'admin',
  ),
)
[ info ] [ HEADER ] array (
  'host' => 'oa.chinaiart.com',
  'connection' => 'keep-alive',
  'origin' => 'http://oa.chinaiart.com',
  'user-agent' => 'Mozilla/5.0 (X11; Linux x86_64) AppleWebKit/537.36 (KHTML, like Gecko) Chrome/63.0.3239.132 Safari/537.36',
  'accept' => '*/*',
  'referer' => 'http://oa.chinaiart.com/static/admin/style/font-awesome.css',
  'accept-encoding' => 'gzip, deflate',
  'accept-language' => 'en-GB,en-US;q=0.9,en;q=0.8',
  'cookie' => 'pgv_pvi=8764176384; Hm_lvt_7413c094baab781525d3d001465f0fbb=1523517872,1523949891; PHPSESSID=311ffafd31a3270953767622fe336909',
)
[ info ] [ PARAM ] array (
  'v' => '4.3.0',
  'fonts' => 'fontawesome-webfont.woff2',
)
[ info ] [ LOG ] INIT File
---------------------------------------------------------------
[ 2018-04-20T17:03:55+08:00 ] 119.130.71.104 GET /index.php/order/list.html
[ info ] oa.chinaiart.com/index.php/order/list.html [运行时间：0.010926s][吞吐率：91.52req/s] [内存消耗：755.14kb] [文件加载：65]
[ info ] [ LANG ] /var/www/chinaiart_oa/thinkphp/lang/zh-cn.php
[ info ] [ BIND ] 'admin'
[ info ] [ ROUTE ] array (
  'type' => 'module',
  'module' => 
  array (
    0 => 'admin',
    1 => 'order',
    2 => 'list',
  ),
)
[ info ] [ HEADER ] array (
  'host' => 'oa.chinaiart.com',
  'connection' => 'keep-alive',
  'upgrade-insecure-requests' => '1',
  'user-agent' => 'Mozilla/5.0 (X11; Linux x86_64) AppleWebKit/537.36 (KHTML, like Gecko) Chrome/63.0.3239.132 Safari/537.36',
  'accept' => 'text/html,application/xhtml+xml,application/xml;q=0.9,image/webp,image/apng,*/*;q=0.8',
  'referer' => 'http://oa.chinaiart.com/index.php/login/noauthority/msg/%E6%82%A8%E6%B2%A1%E6%9C%89%E6%9D%83%E9%99%90%EF%BC%8C%E8%AF%B7%E4%B8%8E%E7%AE%A1%E7%90%86%E5%91%98%E8%81%94%E7%B3%BB%E3%80%82.html',
  'accept-encoding' => 'gzip, deflate',
  'accept-language' => 'en-GB,en-US;q=0.9,en;q=0.8',
  'cookie' => 'thinkphp_show_page_trace=0|0; pgv_pvi=8764176384; Hm_lvt_7413c094baab781525d3d001465f0fbb=1523517872,1523949891; PHPSESSID=311ffafd31a3270953767622fe336909',
)
[ info ] [ PARAM ] array (
)
[ info ] [ DB ] INIT mysql
[ info ] [ SESSION ] INIT array (
  'id' => '',
  'var_session_id' => '',
  'prefix' => 'think',
  'type' => '',
  'auto_start' => true,
)
[ info ] [ RUN ] app\admin\controller\Order->list[ /var/www/chinaiart_oa/application/admin/controller/Order.php ]
[ info ] [ VIEW ] /var/www/chinaiart_oa/public/../application/admin/view/order/list.html [ array (
  0 => 'list',
  1 => 'order',
) ]
[ info ] [ LOG ] INIT File
[ sql ] [ DB ] CONNECT:[ UseTime:0.000440s ] mysql:host=127.0.0.1;dbname=skyuse_oa;charset=utf8
[ sql ] [ SQL ] SHOW COLUMNS FROM `oa_user` [ RunTime:0.000754s ]
[ sql ] [ SQL ] SELECT * FROM `oa_user` WHERE  `user_id` = 2 LIMIT 1 [ RunTime:0.000287s ]
[ sql ] [ SQL ] SHOW COLUMNS FROM `oa_user_role` [ RunTime:0.000630s ]
[ sql ] [ SQL ] SELECT * FROM `oa_user_role` WHERE  `user_id` = 2 [ RunTime:0.000243s ]
[ sql ] [ SQL ] SHOW COLUMNS FROM `oa_role_authority` [ RunTime:0.001183s ]
[ sql ] [ SQL ] SELECT * FROM `oa_role_authority` WHERE  `role_id` = 1 [ RunTime:0.000277s ]
[ sql ] [ SQL ] SHOW COLUMNS FROM `oa_authority` [ RunTime:0.000564s ]
[ sql ] [ SQL ] SELECT * FROM `oa_authority` WHERE  `authority_id` = 1 [ RunTime:0.000245s ]
[ sql ] [ SQL ] SELECT * FROM `oa_authority` WHERE  `authority_id` = 6 [ RunTime:0.000256s ]
[ sql ] [ SQL ] SELECT * FROM `oa_authority` WHERE  `authority_id` = 7 [ RunTime:0.000267s ]
[ sql ] [ SQL ] SELECT * FROM `oa_authority` WHERE  `authority_id` = 9 [ RunTime:0.000240s ]
[ sql ] [ SQL ] SHOW COLUMNS FROM `oa_order` [ RunTime:0.000634s ]
[ sql ] [ SQL ] SELECT COUNT(*) AS tp_count FROM `oa_order` LIMIT 1 [ RunTime:0.000239s ]
[ sql ] [ SQL ] SELECT * FROM `oa_order` ORDER BY `order_id`  asc LIMIT 0,15 [ RunTime:0.000242s ]
---------------------------------------------------------------
[ 2018-04-20T17:03:55+08:00 ] 119.130.71.104 GET /static/admin/fonts/fontawesome-webfont.woff2?v=4.3.0
[ info ] oa.chinaiart.com/static/admin/fonts/fontawesome-webfont.woff2?v=4.3.0 [运行时间：0.001722s][吞吐率：580.69req/s] [内存消耗：223.30kb] [文件加载：44]
[ info ] [ LANG ] /var/www/chinaiart_oa/thinkphp/lang/zh-cn.php
[ info ] [ BIND ] 'admin'
[ info ] [ ROUTE ] array (
  'type' => 'module',
  'module' => 
  array (
    0 => 'admin',
    1 => 'static',
    2 => 'admin',
  ),
)
[ info ] [ HEADER ] array (
  'host' => 'oa.chinaiart.com',
  'connection' => 'keep-alive',
  'origin' => 'http://oa.chinaiart.com',
  'user-agent' => 'Mozilla/5.0 (X11; Linux x86_64) AppleWebKit/537.36 (KHTML, like Gecko) Chrome/63.0.3239.132 Safari/537.36',
  'accept' => '*/*',
  'referer' => 'http://oa.chinaiart.com/static/admin/style/font-awesome.css',
  'accept-encoding' => 'gzip, deflate',
  'accept-language' => 'en-GB,en-US;q=0.9,en;q=0.8',
  'cookie' => 'pgv_pvi=8764176384; Hm_lvt_7413c094baab781525d3d001465f0fbb=1523517872,1523949891; PHPSESSID=311ffafd31a3270953767622fe336909',
)
[ info ] [ PARAM ] array (
  'v' => '4.3.0',
  'fonts' => 'fontawesome-webfont.woff2',
)
[ info ] [ LOG ] INIT File
---------------------------------------------------------------
[ 2018-04-20T17:03:59+08:00 ] 119.130.71.104 GET /index.php/commission/list.html
[ info ] oa.chinaiart.com/index.php/commission/list.html [运行时间：0.011760s][吞吐率：85.03req/s] [内存消耗：563.25kb] [文件加载：65]
[ info ] [ LANG ] /var/www/chinaiart_oa/thinkphp/lang/zh-cn.php
[ info ] [ BIND ] 'admin'
[ info ] [ ROUTE ] array (
  'type' => 'module',
  'module' => 
  array (
    0 => 'admin',
    1 => 'commission',
    2 => 'list',
  ),
)
[ info ] [ HEADER ] array (
  'host' => 'oa.chinaiart.com',
  'connection' => 'keep-alive',
  'upgrade-insecure-requests' => '1',
  'user-agent' => 'Mozilla/5.0 (X11; Linux x86_64) AppleWebKit/537.36 (KHTML, like Gecko) Chrome/63.0.3239.132 Safari/537.36',
  'accept' => 'text/html,application/xhtml+xml,application/xml;q=0.9,image/webp,image/apng,*/*;q=0.8',
  'referer' => 'http://oa.chinaiart.com/index.php/order/list.html',
  'accept-encoding' => 'gzip, deflate',
  'accept-language' => 'en-GB,en-US;q=0.9,en;q=0.8',
  'cookie' => 'thinkphp_show_page_trace=0|0; pgv_pvi=8764176384; Hm_lvt_7413c094baab781525d3d001465f0fbb=1523517872,1523949891; PHPSESSID=311ffafd31a3270953767622fe336909',
)
[ info ] [ PARAM ] array (
)
[ info ] [ DB ] INIT mysql
[ info ] [ SESSION ] INIT array (
  'id' => '',
  'var_session_id' => '',
  'prefix' => 'think',
  'type' => '',
  'auto_start' => true,
)
[ info ] [ RUN ] app\admin\controller\Commission->list[ /var/www/chinaiart_oa/application/admin/controller/Commission.php ]
[ info ] [ VIEW ] /var/www/chinaiart_oa/public/../application/admin/view/commission/list.html [ array (
  0 => 'list',
  1 => 'order',
) ]
[ info ] [ LOG ] INIT File
[ sql ] [ DB ] CONNECT:[ UseTime:0.000428s ] mysql:host=127.0.0.1;dbname=skyuse_oa;charset=utf8
[ sql ] [ SQL ] SHOW COLUMNS FROM `oa_user` [ RunTime:0.000900s ]
[ sql ] [ SQL ] SELECT * FROM `oa_user` WHERE  `user_id` = 2 LIMIT 1 [ RunTime:0.000346s ]
[ sql ] [ SQL ] SHOW COLUMNS FROM `oa_user_role` [ RunTime:0.000652s ]
[ sql ] [ SQL ] SELECT * FROM `oa_user_role` WHERE  `user_id` = 2 [ RunTime:0.000267s ]
[ sql ] [ SQL ] SHOW COLUMNS FROM `oa_role_authority` [ RunTime:0.001279s ]
[ sql ] [ SQL ] SELECT * FROM `oa_role_authority` WHERE  `role_id` = 1 [ RunTime:0.000296s ]
[ sql ] [ SQL ] SHOW COLUMNS FROM `oa_authority` [ RunTime:0.000641s ]
[ sql ] [ SQL ] SELECT * FROM `oa_authority` WHERE  `authority_id` = 1 [ RunTime:0.000273s ]
[ sql ] [ SQL ] SELECT * FROM `oa_authority` WHERE  `authority_id` = 6 [ RunTime:0.000283s ]
[ sql ] [ SQL ] SELECT * FROM `oa_authority` WHERE  `authority_id` = 7 [ RunTime:0.000314s ]
[ sql ] [ SQL ] SELECT * FROM `oa_authority` WHERE  `authority_id` = 9 [ RunTime:0.000277s ]
[ sql ] [ SQL ] SHOW COLUMNS FROM `oa_commission` [ RunTime:0.000701s ]
[ sql ] [ SQL ] SELECT COUNT(*) AS tp_count FROM `oa_commission` LIMIT 1 [ RunTime:0.000263s ]
[ sql ] [ SQL ] SELECT * FROM `oa_commission` ORDER BY `commission_id`  asc LIMIT 0,15 [ RunTime:0.000248s ]
---------------------------------------------------------------
[ 2018-04-20T17:04:00+08:00 ] 119.130.71.104 GET /static/admin/fonts/fontawesome-webfont.woff2?v=4.3.0
[ info ] oa.chinaiart.com/static/admin/fonts/fontawesome-webfont.woff2?v=4.3.0 [运行时间：0.002093s][吞吐率：477.77req/s] [内存消耗：223.30kb] [文件加载：44]
[ info ] [ LANG ] /var/www/chinaiart_oa/thinkphp/lang/zh-cn.php
[ info ] [ BIND ] 'admin'
[ info ] [ ROUTE ] array (
  'type' => 'module',
  'module' => 
  array (
    0 => 'admin',
    1 => 'static',
    2 => 'admin',
  ),
)
[ info ] [ HEADER ] array (
  'host' => 'oa.chinaiart.com',
  'connection' => 'keep-alive',
  'origin' => 'http://oa.chinaiart.com',
  'user-agent' => 'Mozilla/5.0 (X11; Linux x86_64) AppleWebKit/537.36 (KHTML, like Gecko) Chrome/63.0.3239.132 Safari/537.36',
  'accept' => '*/*',
  'referer' => 'http://oa.chinaiart.com/static/admin/style/font-awesome.css',
  'accept-encoding' => 'gzip, deflate',
  'accept-language' => 'en-GB,en-US;q=0.9,en;q=0.8',
  'cookie' => 'pgv_pvi=8764176384; Hm_lvt_7413c094baab781525d3d001465f0fbb=1523517872,1523949891; PHPSESSID=311ffafd31a3270953767622fe336909',
)
[ info ] [ PARAM ] array (
  'v' => '4.3.0',
  'fonts' => 'fontawesome-webfont.woff2',
)
[ info ] [ LOG ] INIT File
---------------------------------------------------------------
[ 2018-04-20T17:04:02+08:00 ] 119.130.71.104 GET /index.php/rule/list.html
[ info ] oa.chinaiart.com/index.php/rule/list.html [运行时间：0.009247s][吞吐率：108.14req/s] [内存消耗：521.70kb] [文件加载：61]
[ info ] [ LANG ] /var/www/chinaiart_oa/thinkphp/lang/zh-cn.php
[ info ] [ BIND ] 'admin'
[ info ] [ ROUTE ] array (
  'type' => 'module',
  'module' => 
  array (
    0 => 'admin',
    1 => 'rule',
    2 => 'list',
  ),
)
[ info ] [ HEADER ] array (
  'host' => 'oa.chinaiart.com',
  'connection' => 'keep-alive',
  'upgrade-insecure-requests' => '1',
  'user-agent' => 'Mozilla/5.0 (X11; Linux x86_64) AppleWebKit/537.36 (KHTML, like Gecko) Chrome/63.0.3239.132 Safari/537.36',
  'accept' => 'text/html,application/xhtml+xml,application/xml;q=0.9,image/webp,image/apng,*/*;q=0.8',
  'referer' => 'http://oa.chinaiart.com/index.php/commission/list.html',
  'accept-encoding' => 'gzip, deflate',
  'accept-language' => 'en-GB,en-US;q=0.9,en;q=0.8',
  'cookie' => 'thinkphp_show_page_trace=0|0; pgv_pvi=8764176384; Hm_lvt_7413c094baab781525d3d001465f0fbb=1523517872,1523949891; PHPSESSID=311ffafd31a3270953767622fe336909',
)
[ info ] [ PARAM ] array (
)
[ info ] [ DB ] INIT mysql
[ info ] [ SESSION ] INIT array (
  'id' => '',
  'var_session_id' => '',
  'prefix' => 'think',
  'type' => '',
  'auto_start' => true,
)
[ info ] [ LOG ] INIT File
[ sql ] [ DB ] CONNECT:[ UseTime:0.000440s ] mysql:host=127.0.0.1;dbname=skyuse_oa;charset=utf8
[ sql ] [ SQL ] SHOW COLUMNS FROM `oa_user` [ RunTime:0.000849s ]
[ sql ] [ SQL ] SELECT * FROM `oa_user` WHERE  `user_id` = 2 LIMIT 1 [ RunTime:0.000311s ]
[ sql ] [ SQL ] SHOW COLUMNS FROM `oa_user_role` [ RunTime:0.000699s ]
[ sql ] [ SQL ] SELECT * FROM `oa_user_role` WHERE  `user_id` = 2 [ RunTime:0.000280s ]
[ sql ] [ SQL ] SHOW COLUMNS FROM `oa_role_authority` [ RunTime:0.001221s ]
[ sql ] [ SQL ] SELECT * FROM `oa_role_authority` WHERE  `role_id` = 1 [ RunTime:0.000266s ]
[ sql ] [ SQL ] SHOW COLUMNS FROM `oa_authority` [ RunTime:0.000654s ]
[ sql ] [ SQL ] SELECT * FROM `oa_authority` WHERE  `authority_id` = 1 [ RunTime:0.000286s ]
[ sql ] [ SQL ] SELECT * FROM `oa_authority` WHERE  `authority_id` = 6 [ RunTime:0.000312s ]
[ sql ] [ SQL ] SELECT * FROM `oa_authority` WHERE  `authority_id` = 7 [ RunTime:0.000268s ]
[ sql ] [ SQL ] SELECT * FROM `oa_authority` WHERE  `authority_id` = 9 [ RunTime:0.000284s ]
---------------------------------------------------------------
[ 2018-04-20T17:04:02+08:00 ] 119.130.71.104 GET /index.php/login/noauthority/msg/%E6%82%A8%E6%B2%A1%E6%9C%89%E6%9D%83%E9%99%90%EF%BC%8C%E8%AF%B7%E4%B8%8E%E7%AE%A1%E7%90%86%E5%91%98%E8%81%94%E7%B3%BB%E3%80%82.html
[ info ] oa.chinaiart.com/index.php/login/noauthority/msg/%E6%82%A8%E6%B2%A1%E6%9C%89%E6%9D%83%E9%99%90%EF%BC%8C%E8%AF%B7%E4%B8%8E%E7%AE%A1%E7%90%86%E5%91%98%E8%81%94%E7%B3%BB%E3%80%82.html [运行时间：0.001775s][吞吐率：563.37req/s] [内存消耗：400.16kb] [文件加载：57]
[ info ] [ LANG ] /var/www/chinaiart_oa/thinkphp/lang/zh-cn.php
[ info ] [ BIND ] 'admin'
[ info ] [ ROUTE ] array (
  'type' => 'module',
  'module' => 
  array (
    0 => 'admin',
    1 => 'login',
    2 => 'noauthority',
  ),
)
[ info ] [ HEADER ] array (
  'host' => 'oa.chinaiart.com',
  'connection' => 'keep-alive',
  'upgrade-insecure-requests' => '1',
  'user-agent' => 'Mozilla/5.0 (X11; Linux x86_64) AppleWebKit/537.36 (KHTML, like Gecko) Chrome/63.0.3239.132 Safari/537.36',
  'accept' => 'text/html,application/xhtml+xml,application/xml;q=0.9,image/webp,image/apng,*/*;q=0.8',
  'referer' => 'http://oa.chinaiart.com/index.php/commission/list.html',
  'accept-encoding' => 'gzip, deflate',
  'accept-language' => 'en-GB,en-US;q=0.9,en;q=0.8',
  'cookie' => 'thinkphp_show_page_trace=0|0; thinkphp_show_page_trace=0|0; pgv_pvi=8764176384; Hm_lvt_7413c094baab781525d3d001465f0fbb=1523517872,1523949891; PHPSESSID=311ffafd31a3270953767622fe336909',
)
[ info ] [ PARAM ] array (
  'msg' => '您没有权限，请与管理员联系。',
)
[ info ] [ DB ] INIT mysql
[ info ] [ RUN ] app\admin\controller\Login->noAuthority[ /var/www/chinaiart_oa/application/admin/controller/Login.php ]
[ info ] [ VIEW ] /var/www/chinaiart_oa/public/../application/admin/view/login/noauthority.html [ array (
  0 => 'msg',
) ]
[ info ] [ SESSION ] INIT array (
  'id' => '',
  'var_session_id' => '',
  'prefix' => 'think',
  'type' => '',
  'auto_start' => true,
)
[ info ] [ LOG ] INIT File
---------------------------------------------------------------
[ 2018-04-20T17:04:02+08:00 ] 119.130.71.104 GET /static/admin/fonts/fontawesome-webfont.woff2?v=4.3.0
[ info ] oa.chinaiart.com/static/admin/fonts/fontawesome-webfont.woff2?v=4.3.0 [运行时间：0.001895s][吞吐率：527.65req/s] [内存消耗：223.30kb] [文件加载：44]
[ info ] [ LANG ] /var/www/chinaiart_oa/thinkphp/lang/zh-cn.php
[ info ] [ BIND ] 'admin'
[ info ] [ ROUTE ] array (
  'type' => 'module',
  'module' => 
  array (
    0 => 'admin',
    1 => 'static',
    2 => 'admin',
  ),
)
[ info ] [ HEADER ] array (
  'host' => 'oa.chinaiart.com',
  'connection' => 'keep-alive',
  'origin' => 'http://oa.chinaiart.com',
  'user-agent' => 'Mozilla/5.0 (X11; Linux x86_64) AppleWebKit/537.36 (KHTML, like Gecko) Chrome/63.0.3239.132 Safari/537.36',
  'accept' => '*/*',
  'referer' => 'http://oa.chinaiart.com/static/admin/style/font-awesome.css',
  'accept-encoding' => 'gzip, deflate',
  'accept-language' => 'en-GB,en-US;q=0.9,en;q=0.8',
  'cookie' => 'pgv_pvi=8764176384; Hm_lvt_7413c094baab781525d3d001465f0fbb=1523517872,1523949891; PHPSESSID=311ffafd31a3270953767622fe336909',
)
[ info ] [ PARAM ] array (
  'v' => '4.3.0',
  'fonts' => 'fontawesome-webfont.woff2',
)
[ info ] [ LOG ] INIT File
---------------------------------------------------------------
[ 2018-04-20T17:55:15+08:00 ] 119.130.71.104 GET /index.php/user/list.html
[ info ] oa.chinaiart.com/index.php/user/list.html [运行时间：0.004516s][吞吐率：221.43req/s] [内存消耗：380.24kb] [文件加载：57]
[ info ] [ LANG ] /var/www/chinaiart_oa/thinkphp/lang/zh-cn.php
[ info ] [ BIND ] 'admin'
[ info ] [ ROUTE ] array (
  'type' => 'module',
  'module' => 
  array (
    0 => 'admin',
    1 => 'user',
    2 => 'list',
  ),
)
[ info ] [ HEADER ] array (
  'host' => 'oa.chinaiart.com',
  'connection' => 'keep-alive',
  'upgrade-insecure-requests' => '1',
  'user-agent' => 'Mozilla/5.0 (X11; Linux x86_64) AppleWebKit/537.36 (KHTML, like Gecko) Chrome/63.0.3239.132 Safari/537.36',
  'accept' => 'text/html,application/xhtml+xml,application/xml;q=0.9,image/webp,image/apng,*/*;q=0.8',
  'referer' => 'http://oa.chinaiart.com/index.php/login/noauthority/msg/%E6%82%A8%E6%B2%A1%E6%9C%89%E6%9D%83%E9%99%90%EF%BC%8C%E8%AF%B7%E4%B8%8E%E7%AE%A1%E7%90%86%E5%91%98%E8%81%94%E7%B3%BB%E3%80%82.html',
  'accept-encoding' => 'gzip, deflate',
  'accept-language' => 'en-GB,en-US;q=0.9,en;q=0.8',
  'cookie' => 'thinkphp_show_page_trace=0|0; pgv_pvi=8764176384; Hm_lvt_7413c094baab781525d3d001465f0fbb=1523517872,1523949891; PHPSESSID=311ffafd31a3270953767622fe336909',
)
[ info ] [ PARAM ] array (
)
[ info ] [ DB ] INIT mysql
[ info ] [ SESSION ] INIT array (
  'id' => '',
  'var_session_id' => '',
  'prefix' => 'think',
  'type' => '',
  'auto_start' => true,
)
[ info ] [ LOG ] INIT File
---------------------------------------------------------------
[ 2018-04-20T17:55:15+08:00 ] 119.130.71.104 GET /index.php/login/login.html
[ info ] oa.chinaiart.com/index.php/login/login.html [运行时间：0.001563s][吞吐率：639.77req/s] [内存消耗：391.61kb] [文件加载：56]
[ info ] [ LANG ] /var/www/chinaiart_oa/thinkphp/lang/zh-cn.php
[ info ] [ BIND ] 'admin'
[ info ] [ ROUTE ] array (
  'type' => 'module',
  'module' => 
  array (
    0 => 'admin',
    1 => 'login',
    2 => 'login',
  ),
)
[ info ] [ HEADER ] array (
  'host' => 'oa.chinaiart.com',
  'connection' => 'keep-alive',
  'upgrade-insecure-requests' => '1',
  'user-agent' => 'Mozilla/5.0 (X11; Linux x86_64) AppleWebKit/537.36 (KHTML, like Gecko) Chrome/63.0.3239.132 Safari/537.36',
  'accept' => 'text/html,application/xhtml+xml,application/xml;q=0.9,image/webp,image/apng,*/*;q=0.8',
  'referer' => 'http://oa.chinaiart.com/index.php/login/noauthority/msg/%E6%82%A8%E6%B2%A1%E6%9C%89%E6%9D%83%E9%99%90%EF%BC%8C%E8%AF%B7%E4%B8%8E%E7%AE%A1%E7%90%86%E5%91%98%E8%81%94%E7%B3%BB%E3%80%82.html',
  'accept-encoding' => 'gzip, deflate',
  'accept-language' => 'en-GB,en-US;q=0.9,en;q=0.8',
  'cookie' => 'thinkphp_show_page_trace=0|0; pgv_pvi=8764176384; Hm_lvt_7413c094baab781525d3d001465f0fbb=1523517872,1523949891; PHPSESSID=311ffafd31a3270953767622fe336909',
)
[ info ] [ PARAM ] array (
)
[ info ] [ DB ] INIT mysql
[ info ] [ RUN ] app\admin\controller\Login->login[ /var/www/chinaiart_oa/application/admin/controller/Login.php ]
[ info ] [ VIEW ] /var/www/chinaiart_oa/public/../application/admin/view/login/login.html [ array (
) ]
[ info ] [ LOG ] INIT File
